0 verbose cli /usr/bin/node-18 /usr/lib/node_modules_18/npm/bin/npm-cli.js
1 info using npm@9.8.1
2 info using node@v18.18.2
3 timing npm:load:whichnode Completed in 2ms
4 timing config:load:defaults Completed in 3ms
5 timing config:load:file:/usr/lib/node_modules_18/npm/npmrc Completed in 3ms
6 timing config:load:builtin Completed in 4ms
7 timing config:load:cli Completed in 3ms
8 timing config:load:env Completed in 1ms
9 timing config:load:project Completed in 2ms
10 timing config:load:file:/home/ec2-user/.npmrc Completed in 0ms
11 timing config:load:user Completed in 0ms
12 timing config:load:file:/etc/npmrc Completed in 1ms
13 timing config:load:global Completed in 2ms
14 timing config:load:setEnvs Completed in 2ms
15 timing config:load Completed in 18ms
16 timing npm:load:configload Completed in 18ms
17 timing config:load:flatten Completed in 5ms
18 timing npm:load:mkdirpcache Completed in 11ms
19 timing npm:load:mkdirplogs Completed in 2ms
20 verbose title npm exec create-react-app frontend
21 verbose argv "exec" "--" "create-react-app" "frontend"
22 timing npm:load:setTitle Completed in 2ms
23 timing npm:load:display Completed in 1ms
24 verbose logfile logs-max:10 dir:/home/ec2-user/.npm/_logs/2024-03-12T06_23_09_177Z-
25 verbose logfile /home/ec2-user/.npm/_logs/2024-03-12T06_23_09_177Z-debug-0.log
26 timing npm:load:logFile Completed in 19ms
27 timing npm:load:timers Completed in 0ms
28 timing npm:load:configScope Completed in 0ms
29 timing npm:load Completed in 90ms
30 timing arborist:ctor Completed in 2ms
31 silly logfile done cleaning log files
32 http fetch GET 200 https://registry.npmjs.org/create-react-app 165ms (cache miss)
33 timing arborist:ctor Completed in 0ms
34 timing arborist:ctor Completed in 0ms
35 timing arborist:ctor Completed in 1ms
36 timing idealTree:init Completed in 5ms
37 timing idealTree:userRequests Completed in 2ms
38 silly idealTree buildDeps
39 silly fetch manifest create-react-app@5.0.1
40 http fetch GET 200 https://registry.npmjs.org/create-react-app 250ms (cache hit)
41 silly placeDep ROOT create-react-app@5.0.1 OK for:  want: 5.0.1
42 silly fetch manifest chalk@^4.1.2
43 silly fetch manifest commander@^4.1.1
44 silly fetch manifest cross-spawn@^7.0.3
45 silly fetch manifest envinfo@^7.8.1
46 silly fetch manifest fs-extra@^10.0.0
47 silly fetch manifest hyperquest@^2.1.3
48 silly fetch manifest prompts@^2.4.2
49 silly fetch manifest semver@^7.3.5
50 silly fetch manifest tar-pack@^3.4.1
51 silly fetch manifest tmp@^0.2.1
52 silly fetch manifest validate-npm-package-name@^3.0.0
53 http fetch GET 200 https://registry.npmjs.org/chalk 60ms (cache miss)
54 http fetch GET 200 https://registry.npmjs.org/hyperquest 122ms (cache miss)
55 http fetch GET 200 https://registry.npmjs.org/tar-pack 121ms (cache miss)
56 http fetch GET 200 https://registry.npmjs.org/validate-npm-package-name 123ms (cache miss)
57 http fetch GET 200 https://registry.npmjs.org/tmp 128ms (cache miss)
58 http fetch GET 200 https://registry.npmjs.org/cross-spawn 136ms (cache miss)
59 http fetch GET 200 https://registry.npmjs.org/prompts 137ms (cache miss)
60 http fetch GET 200 https://registry.npmjs.org/fs-extra 140ms (cache miss)
61 http fetch GET 200 https://registry.npmjs.org/envinfo 147ms (cache miss)
62 http fetch GET 200 https://registry.npmjs.org/semver 149ms (cache miss)
63 http fetch GET 200 https://registry.npmjs.org/commander 156ms (cache miss)
64 timing idealTree:#root Completed in 423ms
65 silly placeDep ROOT chalk@4.1.2 OK for: create-react-app@5.0.1 want: ^4.1.2
66 silly fetch manifest ansi-styles@^4.1.0
67 silly fetch manifest supports-color@^7.1.0
68 silly placeDep ROOT commander@4.1.1 OK for: create-react-app@5.0.1 want: ^4.1.1
69 silly placeDep ROOT cross-spawn@7.0.3 OK for: create-react-app@5.0.1 want: ^7.0.3
70 silly fetch manifest path-key@^3.1.0
71 silly fetch manifest shebang-command@^2.0.0
72 silly fetch manifest which@^2.0.1
73 silly placeDep ROOT envinfo@7.11.1 OK for: create-react-app@5.0.1 want: ^7.8.1
74 silly placeDep ROOT fs-extra@10.1.0 OK for: create-react-app@5.0.1 want: ^10.0.0
75 silly fetch manifest graceful-fs@^4.2.0
76 silly fetch manifest jsonfile@^6.0.1
77 silly fetch manifest universalify@^2.0.0
78 silly placeDep ROOT hyperquest@2.1.3 OK for: create-react-app@5.0.1 want: ^2.1.3
79 silly fetch manifest buffer-from@^0.1.1
80 silly fetch manifest duplexer2@~0.0.2
81 silly fetch manifest through2@~0.6.3
82 silly placeDep ROOT prompts@2.4.2 OK for: create-react-app@5.0.1 want: ^2.4.2
83 silly fetch manifest kleur@^3.0.3
84 silly fetch manifest sisteransi@^1.0.5
85 silly placeDep ROOT semver@7.6.0 OK for: create-react-app@5.0.1 want: ^7.3.5
86 silly fetch manifest lru-cache@^6.0.0
87 silly placeDep ROOT tar-pack@3.4.1 OK for: create-react-app@5.0.1 want: ^3.4.1
88 silly fetch manifest debug@^2.2.0
89 silly fetch manifest fstream@^1.0.10
90 silly fetch manifest fstream-ignore@^1.0.5
91 silly fetch manifest once@^1.3.3
92 silly fetch manifest readable-stream@^2.1.4
93 silly fetch manifest rimraf@^2.5.1
94 silly fetch manifest tar@^2.2.1
95 silly fetch manifest uid-number@^0.0.6
96 silly placeDep ROOT tmp@0.2.3 OK for: create-react-app@5.0.1 want: ^0.2.1
97 silly placeDep ROOT validate-npm-package-name@3.0.0 OK for: create-react-app@5.0.1 want: ^3.0.0
98 silly fetch manifest builtins@^1.0.3
99 http fetch GET 200 https://registry.npmjs.org/path-key 223ms (cache miss)
100 http fetch GET 200 https://registry.npmjs.org/shebang-command 224ms (cache miss)
101 http fetch GET 200 https://registry.npmjs.org/fstream 204ms (cache miss)
102 http fetch GET 200 https://registry.npmjs.org/uid-number 200ms (cache miss)
103 http fetch GET 200 https://registry.npmjs.org/duplexer2 219ms (cache miss)
104 http fetch GET 200 https://registry.npmjs.org/universalify 223ms (cache miss)
105 http fetch GET 200 https://registry.npmjs.org/fstream-ignore 208ms (cache miss)
106 http fetch GET 200 https://registry.npmjs.org/kleur 217ms (cache miss)
107 http fetch GET 200 https://registry.npmjs.org/buffer-from 226ms (cache miss)
108 http fetch GET 200 https://registry.npmjs.org/builtins 202ms (cache miss)
109 http fetch GET 200 https://registry.npmjs.org/jsonfile 231ms (cache miss)
110 http fetch GET 200 https://registry.npmjs.org/sisteransi 222ms (cache miss)
111 http fetch GET 200 https://registry.npmjs.org/which 251ms (cache miss)
112 http fetch GET 200 https://registry.npmjs.org/rimraf 227ms (cache miss)
113 http fetch GET 200 https://registry.npmjs.org/ansi-styles 262ms (cache miss)
114 http fetch GET 200 https://registry.npmjs.org/through2 247ms (cache miss)
115 http fetch GET 200 https://registry.npmjs.org/supports-color 264ms (cache miss)
116 http fetch GET 200 https://registry.npmjs.org/debug 246ms (cache revalidated)
117 http fetch GET 200 https://registry.npmjs.org/graceful-fs 291ms (cache miss)
118 http fetch GET 200 https://registry.npmjs.org/lru-cache 280ms (cache miss)
119 http fetch GET 200 https://registry.npmjs.org/readable-stream 306ms (cache miss)
120 http fetch GET 200 https://registry.npmjs.org/tar 308ms (cache miss)
121 http fetch GET 200 https://registry.npmjs.org/once 336ms (cache miss)
122 timing idealTree:node_modules/create-react-app Completed in 382ms
123 silly placeDep ROOT ansi-styles@4.3.0 OK for: chalk@4.1.2 want: ^4.1.0
124 silly fetch manifest color-convert@^2.0.1
125 silly placeDep ROOT supports-color@7.2.0 OK for: chalk@4.1.2 want: ^7.1.0
126 silly fetch manifest has-flag@^4.0.0
127 http fetch GET 200 https://registry.npmjs.org/has-flag 30ms (cache miss)
128 http fetch GET 200 https://registry.npmjs.org/color-convert 34ms (cache miss)
129 timing idealTree:node_modules/chalk Completed in 39ms
130 silly placeDep ROOT color-convert@2.0.1 OK for: ansi-styles@4.3.0 want: ^2.0.1
131 silly fetch manifest color-name@~1.1.4
132 http fetch GET 200 https://registry.npmjs.org/color-name 24ms (cache miss)
133 timing idealTree:node_modules/ansi-styles Completed in 28ms
134 silly placeDep ROOT color-name@1.1.4 OK for: color-convert@2.0.1 want: ~1.1.4
135 timing idealTree:node_modules/color-convert Completed in 2ms
136 timing idealTree:node_modules/color-name Completed in 0ms
137 timing idealTree:node_modules/commander Completed in 0ms
138 silly placeDep ROOT path-key@3.1.1 OK for: cross-spawn@7.0.3 want: ^3.1.0
139 silly placeDep ROOT shebang-command@2.0.0 OK for: cross-spawn@7.0.3 want: ^2.0.0
140 silly fetch manifest shebang-regex@^3.0.0
141 silly placeDep ROOT which@2.0.2 OK for: cross-spawn@7.0.3 want: ^2.0.1
142 silly fetch manifest isexe@^2.0.0
143 http fetch GET 200 https://registry.npmjs.org/shebang-regex 34ms (cache miss)
144 http fetch GET 200 https://registry.npmjs.org/isexe 32ms (cache miss)
145 timing idealTree:node_modules/cross-spawn Completed in 39ms
146 timing idealTree:node_modules/envinfo Completed in 0ms
147 silly placeDep ROOT graceful-fs@4.2.11 OK for: fs-extra@10.1.0 want: ^4.2.0
148 silly placeDep ROOT jsonfile@6.1.0 OK for: fs-extra@10.1.0 want: ^6.0.1
149 silly placeDep ROOT universalify@2.0.1 OK for: fs-extra@10.1.0 want: ^2.0.0
150 timing idealTree:node_modules/fs-extra Completed in 6ms
151 timing idealTree:node_modules/graceful-fs Completed in 0ms
152 silly placeDep ROOT buffer-from@0.1.2 OK for: hyperquest@2.1.3 want: ^0.1.1
153 silly placeDep ROOT duplexer2@0.0.2 OK for: hyperquest@2.1.3 want: ~0.0.2
154 silly fetch manifest readable-stream@~1.1.9
155 silly placeDep ROOT through2@0.6.5 OK for: hyperquest@2.1.3 want: ~0.6.3
156 silly fetch manifest readable-stream@>=1.0.33-1 <1.1.0-0
157 silly fetch manifest xtend@>=4.0.0 <4.1.0-0
158 http fetch GET 200 https://registry.npmjs.org/xtend 25ms (cache miss)
159 timing idealTree:node_modules/hyperquest Completed in 33ms
160 timing idealTree:node_modules/buffer-from Completed in 0ms
161 silly placeDep ROOT readable-stream@1.1.14 OK for: duplexer2@0.0.2 want: ~1.1.9
162 silly fetch manifest core-util-is@~1.0.0
163 silly fetch manifest isarray@0.0.1
164 silly fetch manifest string_decoder@~0.10.x
165 silly fetch manifest inherits@~2.0.1
166 http fetch GET 200 https://registry.npmjs.org/core-util-is 36ms (cache miss)
167 http fetch GET 200 https://registry.npmjs.org/inherits 39ms (cache revalidated)
168 http fetch GET 200 https://registry.npmjs.org/isarray 43ms (cache miss)
169 http fetch GET 200 https://registry.npmjs.org/string_decoder 41ms (cache miss)
170 timing idealTree:node_modules/duplexer2 Completed in 54ms
171 timing idealTree:node_modules/jsonfile Completed in 0ms
172 timing idealTree:node_modules/path-key Completed in 0ms
173 silly placeDep ROOT kleur@3.0.3 OK for: prompts@2.4.2 want: ^3.0.3
174 silly placeDep ROOT sisteransi@1.0.5 OK for: prompts@2.4.2 want: ^1.0.5
175 timing idealTree:node_modules/prompts Completed in 3ms
176 timing idealTree:node_modules/kleur Completed in 0ms
177 silly placeDep ROOT core-util-is@1.0.3 OK for: readable-stream@1.1.14 want: ~1.0.0
178 silly placeDep ROOT inherits@2.0.4 OK for: readable-stream@1.1.14 want: ~2.0.1
179 silly placeDep ROOT isarray@0.0.1 OK for: readable-stream@1.1.14 want: 0.0.1
180 silly placeDep ROOT string_decoder@0.10.31 OK for: readable-stream@1.1.14 want: ~0.10.x
181 timing idealTree:node_modules/readable-stream Completed in 6ms
182 timing idealTree:node_modules/core-util-is Completed in 0ms
183 timing idealTree:node_modules/inherits Completed in 0ms
184 timing idealTree:node_modules/isarray Completed in 0ms
185 silly placeDep ROOT lru-cache@6.0.0 OK for: semver@7.6.0 want: ^6.0.0
186 silly fetch manifest yallist@^4.0.0
187 http fetch GET 200 https://registry.npmjs.org/yallist 28ms (cache miss)
188 timing idealTree:node_modules/semver Completed in 31ms
189 silly placeDep ROOT yallist@4.0.0 OK for: lru-cache@6.0.0 want: ^4.0.0
190 timing idealTree:node_modules/lru-cache Completed in 2ms
191 silly placeDep ROOT shebang-regex@3.0.0 OK for: shebang-command@2.0.0 want: ^3.0.0
192 timing idealTree:node_modules/shebang-command Completed in 11ms
193 timing idealTree:node_modules/shebang-regex Completed in 0ms
194 timing idealTree:node_modules/sisteransi Completed in 0ms
195 timing idealTree:node_modules/string_decoder Completed in 0ms
196 silly placeDep ROOT has-flag@4.0.0 OK for: supports-color@7.2.0 want: ^4.0.0
197 timing idealTree:node_modules/supports-color Completed in 2ms
198 timing idealTree:node_modules/has-flag Completed in 0ms
199 silly placeDep ROOT debug@2.6.9 OK for: tar-pack@3.4.1 want: ^2.2.0
200 silly fetch manifest ms@2.0.0
201 silly placeDep ROOT fstream@1.0.12 OK for: tar-pack@3.4.1 want: ^1.0.10
202 silly fetch manifest mkdirp@>=0.5 0
203 silly fetch manifest rimraf@2
204 silly placeDep ROOT fstream-ignore@1.0.5 OK for: tar-pack@3.4.1 want: ^1.0.5
205 silly fetch manifest minimatch@^3.0.0
206 silly placeDep ROOT once@1.4.0 OK for: tar-pack@3.4.1 want: ^1.3.3
207 silly fetch manifest wrappy@1
208 silly placeDep node_modules/tar-pack readable-stream@2.3.8 OK for: tar-pack@3.4.1 want: ^2.1.4
209 silly fetch manifest isarray@~1.0.0
210 silly fetch manifest process-nextick-args@~2.0.0
211 silly fetch manifest safe-buffer@~5.1.1
212 silly fetch manifest string_decoder@~1.1.1
213 silly fetch manifest util-deprecate@~1.0.1
214 silly placeDep ROOT rimraf@2.7.1 OK for: tar-pack@3.4.1 want: ^2.5.1
215 silly fetch manifest glob@^7.1.3
216 silly placeDep ROOT tar@2.2.2 OK for: tar-pack@3.4.1 want: ^2.2.1
217 silly fetch manifest block-stream@*
218 silly placeDep ROOT uid-number@0.0.6 OK for: tar-pack@3.4.1 want: ^0.0.6
219 http fetch GET 200 https://registry.npmjs.org/wrappy 88ms (cache miss)
220 http fetch GET 200 https://registry.npmjs.org/process-nextick-args 83ms (cache miss)
221 http fetch GET 200 https://registry.npmjs.org/util-deprecate 81ms (cache miss)
222 http fetch GET 200 https://registry.npmjs.org/block-stream 80ms (cache miss)
223 http fetch GET 200 https://registry.npmjs.org/mkdirp 99ms (cache miss)
224 http fetch GET 200 https://registry.npmjs.org/glob 85ms (cache miss)
225 http fetch GET 200 https://registry.npmjs.org/minimatch 101ms (cache miss)
226 http fetch GET 200 https://registry.npmjs.org/safe-buffer 98ms (cache revalidated)
227 http fetch GET 200 https://registry.npmjs.org/ms 125ms (cache revalidated)
228 timing idealTree:node_modules/tar-pack Completed in 132ms
229 silly placeDep ROOT ms@2.0.0 OK for: debug@2.6.9 want: 2.0.0
230 timing idealTree:node_modules/debug Completed in 1ms
231 silly placeDep ROOT mkdirp@0.5.6 OK for: fstream@1.0.12 want: >=0.5 0
232 silly fetch manifest minimist@^1.2.6
233 http fetch GET 200 https://registry.npmjs.org/minimist 31ms (cache miss)
234 timing idealTree:node_modules/fstream Completed in 38ms
235 silly placeDep ROOT minimatch@3.1.2 OK for: fstream-ignore@1.0.5 want: ^3.0.0
236 silly fetch manifest brace-expansion@^1.1.7
237 http fetch GET 200 https://registry.npmjs.org/brace-expansion 34ms (cache miss)
238 timing idealTree:node_modules/fstream-ignore Completed in 38ms
239 silly placeDep ROOT brace-expansion@1.1.11 OK for: minimatch@3.1.2 want: ^1.1.7
240 silly fetch manifest balanced-match@^1.0.0
241 silly fetch manifest concat-map@0.0.1
242 http fetch GET 200 https://registry.npmjs.org/balanced-match 59ms (cache miss)
243 http fetch GET 200 https://registry.npmjs.org/concat-map 59ms (cache miss)
244 timing idealTree:node_modules/minimatch Completed in 63ms
245 silly placeDep ROOT balanced-match@1.0.2 OK for: brace-expansion@1.1.11 want: ^1.0.0
246 silly placeDep ROOT concat-map@0.0.1 OK for: brace-expansion@1.1.11 want: 0.0.1
247 timing idealTree:node_modules/brace-expansion Completed in 4ms
248 timing idealTree:node_modules/balanced-match Completed in 0ms
249 timing idealTree:node_modules/concat-map Completed in 0ms
250 silly placeDep ROOT minimist@1.2.8 OK for: mkdirp@0.5.6 want: ^1.2.6
251 timing idealTree:node_modules/mkdirp Completed in 2ms
252 timing idealTree:node_modules/minimist Completed in 0ms
253 timing idealTree:node_modules/ms Completed in 0ms
254 silly placeDep ROOT wrappy@1.0.2 OK for: once@1.4.0 want: 1
255 timing idealTree:node_modules/once Completed in 2ms
256 silly placeDep ROOT glob@7.2.3 OK for: rimraf@2.7.1 want: ^7.1.3
257 silly fetch manifest fs.realpath@^1.0.0
258 silly fetch manifest inflight@^1.0.4
259 silly fetch manifest path-is-absolute@^1.0.0
260 http fetch GET 200 https://registry.npmjs.org/fs.realpath 25ms (cache miss)
261 http fetch GET 200 https://registry.npmjs.org/path-is-absolute 31ms (cache miss)
262 http fetch GET 200 https://registry.npmjs.org/inflight 33ms (cache miss)
263 timing idealTree:node_modules/rimraf Completed in 38ms
264 silly placeDep ROOT fs.realpath@1.0.0 OK for: glob@7.2.3 want: ^1.0.0
265 silly placeDep ROOT inflight@1.0.6 OK for: glob@7.2.3 want: ^1.0.4
266 silly placeDep ROOT path-is-absolute@1.0.1 OK for: glob@7.2.3 want: ^1.0.0
267 timing idealTree:node_modules/glob Completed in 4ms
268 timing idealTree:node_modules/fs.realpath Completed in 0ms
269 timing idealTree:node_modules/inflight Completed in 0ms
270 timing idealTree:node_modules/path-is-absolute Completed in 0ms
271 silly placeDep ROOT block-stream@0.0.9 OK for: tar@2.2.2 want: *
272 timing idealTree:node_modules/tar Completed in 1ms
273 timing idealTree:node_modules/block-stream Completed in 0ms
274 silly placeDep node_modules/through2 readable-stream@1.0.34 OK for: through2@0.6.5 want: >=1.0.33-1 <1.1.0-0
275 silly placeDep ROOT xtend@4.0.2 OK for: through2@0.6.5 want: >=4.0.0 <4.1.0-0
276 timing idealTree:node_modules/through2 Completed in 4ms
277 timing idealTree:node_modules/tmp Completed in 0ms
278 timing idealTree:node_modules/uid-number Completed in 0ms
279 timing idealTree:node_modules/universalify Completed in 0ms
280 silly placeDep ROOT builtins@1.0.3 OK for: validate-npm-package-name@3.0.0 want: ^1.0.3
281 timing idealTree:node_modules/validate-npm-package-name Completed in 1ms
282 timing idealTree:node_modules/builtins Completed in 0ms
283 silly placeDep ROOT isexe@2.0.0 OK for: which@2.0.2 want: ^2.0.0
284 timing idealTree:node_modules/which Completed in 2ms
285 timing idealTree:node_modules/isexe Completed in 0ms
286 timing idealTree:node_modules/wrappy Completed in 0ms
287 timing idealTree:node_modules/xtend Completed in 0ms
288 timing idealTree:node_modules/yallist Completed in 0ms
289 silly placeDep node_modules/tar-pack isarray@1.0.0 OK for: readable-stream@2.3.8 want: ~1.0.0
290 silly placeDep ROOT process-nextick-args@2.0.1 OK for: readable-stream@2.3.8 want: ~2.0.0
291 silly placeDep ROOT safe-buffer@5.1.2 OK for: readable-stream@2.3.8 want: ~5.1.1
292 silly placeDep node_modules/tar-pack string_decoder@1.1.1 OK for: readable-stream@2.3.8 want: ~1.1.1
293 silly placeDep ROOT util-deprecate@1.0.2 OK for: readable-stream@2.3.8 want: ~1.0.1
294 timing idealTree:node_modules/tar-pack/node_modules/readable-stream Completed in 9ms
295 timing idealTree:node_modules/process-nextick-args Completed in 0ms
296 timing idealTree:node_modules/safe-buffer Completed in 0ms
297 timing idealTree:node_modules/util-deprecate Completed in 0ms
298 timing idealTree:node_modules/tar-pack/node_modules/isarray Completed in 0ms
299 timing idealTree:node_modules/tar-pack/node_modules/string_decoder Completed in 0ms
300 timing idealTree:node_modules/through2/node_modules/readable-stream Completed in 0ms
301 timing idealTree:buildDeps Completed in 1407ms
302 timing idealTree:fixDepFlags Completed in 1ms
303 timing idealTree Completed in 1418ms
304 timing reify:loadTrees Completed in 1419ms
305 timing reify:diffTrees Completed in 9ms
306 silly reify moves {}
307 timing reify:retireShallow Completed in 2ms
308 timing reify:createSparse Completed in 10ms
309 timing reify:loadBundles Completed in 0ms
310 silly audit bulk request {
310 silly audit   'create-react-app': [ '5.0.1' ],
310 silly audit   chalk: [ '4.1.2' ],
310 silly audit   commander: [ '4.1.1' ],
310 silly audit   'cross-spawn': [ '7.0.3' ],
310 silly audit   envinfo: [ '7.11.1' ],
310 silly audit   'fs-extra': [ '10.1.0' ],
310 silly audit   hyperquest: [ '2.1.3' ],
310 silly audit   prompts: [ '2.4.2' ],
310 silly audit   semver: [ '7.6.0' ],
310 silly audit   'tar-pack': [ '3.4.1' ],
310 silly audit   tmp: [ '0.2.3' ],
310 silly audit   'validate-npm-package-name': [ '3.0.0' ],
310 silly audit   'ansi-styles': [ '4.3.0' ],
310 silly audit   'supports-color': [ '7.2.0' ],
310 silly audit   'color-convert': [ '2.0.1' ],
310 silly audit   'color-name': [ '1.1.4' ],
310 silly audit   'path-key': [ '3.1.1' ],
310 silly audit   'shebang-command': [ '2.0.0' ],
310 silly audit   which: [ '2.0.2' ],
310 silly audit   'graceful-fs': [ '4.2.11' ],
310 silly audit   jsonfile: [ '6.1.0' ],
310 silly audit   universalify: [ '2.0.1' ],
310 silly audit   'buffer-from': [ '0.1.2' ],
310 silly audit   duplexer2: [ '0.0.2' ],
310 silly audit   through2: [ '0.6.5' ],
310 silly audit   'readable-stream': [ '1.1.14', '2.3.8', '1.0.34' ],
310 silly audit   kleur: [ '3.0.3' ],
310 silly audit   sisteransi: [ '1.0.5' ],
310 silly audit   'core-util-is': [ '1.0.3' ],
310 silly audit   inherits: [ '2.0.4' ],
310 silly audit   isarray: [ '0.0.1', '1.0.0' ],
310 silly audit   string_decoder: [ '0.10.31', '1.1.1' ],
310 silly audit   'lru-cache': [ '6.0.0' ],
310 silly audit   yallist: [ '4.0.0' ],
310 silly audit   'shebang-regex': [ '3.0.0' ],
310 silly audit   'has-flag': [ '4.0.0' ],
310 silly audit   debug: [ '2.6.9' ],
310 silly audit   fstream: [ '1.0.12' ],
310 silly audit   'fstream-ignore': [ '1.0.5' ],
310 silly audit   once: [ '1.4.0' ],
310 silly audit   rimraf: [ '2.7.1' ],
310 silly audit   tar: [ '2.2.2' ],
310 silly audit   'uid-number': [ '0.0.6' ],
310 silly audit   ms: [ '2.0.0' ],
310 silly audit   mkdirp: [ '0.5.6' ],
310 silly audit   minimatch: [ '3.1.2' ],
310 silly audit   'brace-expansion': [ '1.1.11' ],
310 silly audit   'balanced-match': [ '1.0.2' ],
310 silly audit   'concat-map': [ '0.0.1' ],
310 silly audit   minimist: [ '1.2.8' ],
310 silly audit   wrappy: [ '1.0.2' ],
310 silly audit   glob: [ '7.2.3' ],
310 silly audit   'fs.realpath': [ '1.0.0' ],
310 silly audit   inflight: [ '1.0.6' ],
310 silly audit   'path-is-absolute': [ '1.0.1' ],
310 silly audit   'block-stream': [ '0.0.9' ],
310 silly audit   xtend: [ '4.0.2' ],
310 silly audit   builtins: [ '1.0.3' ],
310 silly audit   isexe: [ '2.0.0' ],
310 silly audit   'process-nextick-args': [ '2.0.1' ],
310 silly audit   'safe-buffer': [ '5.1.2' ],
310 silly audit   'util-deprecate': [ '1.0.2' ]
310 silly audit }
311 silly tarball no local data for util-deprecate@https://registry.npmjs.org/util-deprecate/-/util-deprecate-1.0.2.tgz. Extracting by manifest.
312 silly tarball no local data for safe-buffer@https://registry.npmjs.org/safe-buffer/-/safe-buffer-5.1.2.tgz. Extracting by manifest.
313 silly tarball no local data for process-nextick-args@https://registry.npmjs.org/process-nextick-args/-/process-nextick-args-2.0.1.tgz. Extracting by manifest.
314 silly tarball no local data for isexe@https://registry.npmjs.org/isexe/-/isexe-2.0.0.tgz. Extracting by manifest.
315 silly tarball no local data for builtins@https://registry.npmjs.org/builtins/-/builtins-1.0.3.tgz. Extracting by manifest.
316 silly tarball no local data for xtend@https://registry.npmjs.org/xtend/-/xtend-4.0.2.tgz. Extracting by manifest.
317 silly tarball no local data for block-stream@https://registry.npmjs.org/block-stream/-/block-stream-0.0.9.tgz. Extracting by manifest.
318 silly tarball no local data for path-is-absolute@https://registry.npmjs.org/path-is-absolute/-/path-is-absolute-1.0.1.tgz. Extracting by manifest.
319 silly tarball no local data for inflight@https://registry.npmjs.org/inflight/-/inflight-1.0.6.tgz. Extracting by manifest.
320 silly tarball no local data for fs.realpath@https://registry.npmjs.org/fs.realpath/-/fs.realpath-1.0.0.tgz. Extracting by manifest.
321 silly tarball no local data for glob@https://registry.npmjs.org/glob/-/glob-7.2.3.tgz. Extracting by manifest.
322 silly tarball no local data for wrappy@https://registry.npmjs.org/wrappy/-/wrappy-1.0.2.tgz. Extracting by manifest.
323 silly tarball no local data for minimist@https://registry.npmjs.org/minimist/-/minimist-1.2.8.tgz. Extracting by manifest.
324 silly tarball no local data for concat-map@https://registry.npmjs.org/concat-map/-/concat-map-0.0.1.tgz. Extracting by manifest.
325 silly tarball no local data for balanced-match@https://registry.npmjs.org/balanced-match/-/balanced-match-1.0.2.tgz. Extracting by manifest.
326 silly tarball no local data for brace-expansion@https://registry.npmjs.org/brace-expansion/-/brace-expansion-1.1.11.tgz. Extracting by manifest.
327 silly tarball no local data for minimatch@https://registry.npmjs.org/minimatch/-/minimatch-3.1.2.tgz. Extracting by manifest.
328 silly tarball no local data for mkdirp@https://registry.npmjs.org/mkdirp/-/mkdirp-0.5.6.tgz. Extracting by manifest.
329 silly tarball no local data for uid-number@https://registry.npmjs.org/uid-number/-/uid-number-0.0.6.tgz. Extracting by manifest.
330 silly tarball no local data for tar@https://registry.npmjs.org/tar/-/tar-2.2.2.tgz. Extracting by manifest.
331 silly tarball no local data for rimraf@https://registry.npmjs.org/rimraf/-/rimraf-2.7.1.tgz. Extracting by manifest.
332 silly tarball no local data for once@https://registry.npmjs.org/once/-/once-1.4.0.tgz. Extracting by manifest.
333 silly tarball no local data for fstream-ignore@https://registry.npmjs.org/fstream-ignore/-/fstream-ignore-1.0.5.tgz. Extracting by manifest.
334 silly tarball no local data for fstream@https://registry.npmjs.org/fstream/-/fstream-1.0.12.tgz. Extracting by manifest.
335 silly tarball no local data for has-flag@https://registry.npmjs.org/has-flag/-/has-flag-4.0.0.tgz. Extracting by manifest.
336 silly tarball no local data for shebang-regex@https://registry.npmjs.org/shebang-regex/-/shebang-regex-3.0.0.tgz. Extracting by manifest.
337 silly tarball no local data for yallist@https://registry.npmjs.org/yallist/-/yallist-4.0.0.tgz. Extracting by manifest.
338 silly tarball no local data for lru-cache@https://registry.npmjs.org/lru-cache/-/lru-cache-6.0.0.tgz. Extracting by manifest.
339 silly tarball no local data for string_decoder@https://registry.npmjs.org/string_decoder/-/string_decoder-0.10.31.tgz. Extracting by manifest.
340 silly tarball no local data for isarray@https://registry.npmjs.org/isarray/-/isarray-0.0.1.tgz. Extracting by manifest.
341 silly tarball no local data for core-util-is@https://registry.npmjs.org/core-util-is/-/core-util-is-1.0.3.tgz. Extracting by manifest.
342 silly tarball no local data for sisteransi@https://registry.npmjs.org/sisteransi/-/sisteransi-1.0.5.tgz. Extracting by manifest.
343 silly tarball no local data for kleur@https://registry.npmjs.org/kleur/-/kleur-3.0.3.tgz. Extracting by manifest.
344 silly tarball no local data for readable-stream@https://registry.npmjs.org/readable-stream/-/readable-stream-1.1.14.tgz. Extracting by manifest.
345 silly tarball no local data for through2@https://registry.npmjs.org/through2/-/through2-0.6.5.tgz. Extracting by manifest.
346 silly tarball no local data for duplexer2@https://registry.npmjs.org/duplexer2/-/duplexer2-0.0.2.tgz. Extracting by manifest.
347 silly tarball no local data for buffer-from@https://registry.npmjs.org/buffer-from/-/buffer-from-0.1.2.tgz. Extracting by manifest.
348 silly tarball no local data for universalify@https://registry.npmjs.org/universalify/-/universalify-2.0.1.tgz. Extracting by manifest.
349 silly tarball no local data for jsonfile@https://registry.npmjs.org/jsonfile/-/jsonfile-6.1.0.tgz. Extracting by manifest.
350 silly tarball no local data for graceful-fs@https://registry.npmjs.org/graceful-fs/-/graceful-fs-4.2.11.tgz. Extracting by manifest.
351 silly tarball no local data for which@https://registry.npmjs.org/which/-/which-2.0.2.tgz. Extracting by manifest.
352 silly tarball no local data for shebang-command@https://registry.npmjs.org/shebang-command/-/shebang-command-2.0.0.tgz. Extracting by manifest.
353 silly tarball no local data for path-key@https://registry.npmjs.org/path-key/-/path-key-3.1.1.tgz. Extracting by manifest.
354 silly tarball no local data for color-name@https://registry.npmjs.org/color-name/-/color-name-1.1.4.tgz. Extracting by manifest.
355 silly tarball no local data for color-convert@https://registry.npmjs.org/color-convert/-/color-convert-2.0.1.tgz. Extracting by manifest.
356 silly tarball no local data for supports-color@https://registry.npmjs.org/supports-color/-/supports-color-7.2.0.tgz. Extracting by manifest.
357 silly tarball no local data for ansi-styles@https://registry.npmjs.org/ansi-styles/-/ansi-styles-4.3.0.tgz. Extracting by manifest.
358 silly tarball no local data for validate-npm-package-name@https://registry.npmjs.org/validate-npm-package-name/-/validate-npm-package-name-3.0.0.tgz. Extracting by manifest.
359 silly tarball no local data for tmp@https://registry.npmjs.org/tmp/-/tmp-0.2.3.tgz. Extracting by manifest.
360 silly tarball no local data for tar-pack@https://registry.npmjs.org/tar-pack/-/tar-pack-3.4.1.tgz. Extracting by manifest.
361 silly tarball no local data for semver@https://registry.npmjs.org/semver/-/semver-7.6.0.tgz. Extracting by manifest.
362 silly tarball no local data for prompts@https://registry.npmjs.org/prompts/-/prompts-2.4.2.tgz. Extracting by manifest.
363 silly tarball no local data for hyperquest@https://registry.npmjs.org/hyperquest/-/hyperquest-2.1.3.tgz. Extracting by manifest.
364 silly tarball no local data for fs-extra@https://registry.npmjs.org/fs-extra/-/fs-extra-10.1.0.tgz. Extracting by manifest.
365 silly tarball no local data for envinfo@https://registry.npmjs.org/envinfo/-/envinfo-7.11.1.tgz. Extracting by manifest.
366 silly tarball no local data for cross-spawn@https://registry.npmjs.org/cross-spawn/-/cross-spawn-7.0.3.tgz. Extracting by manifest.
367 silly tarball no local data for commander@https://registry.npmjs.org/commander/-/commander-4.1.1.tgz. Extracting by manifest.
368 silly tarball no local data for chalk@https://registry.npmjs.org/chalk/-/chalk-4.1.2.tgz. Extracting by manifest.
369 silly tarball no local data for create-react-app@https://registry.npmjs.org/create-react-app/-/create-react-app-5.0.1.tgz. Extracting by manifest.
370 silly tarball no local data for readable-stream@https://registry.npmjs.org/readable-stream/-/readable-stream-1.0.34.tgz. Extracting by manifest.
371 silly tarball no local data for string_decoder@https://registry.npmjs.org/string_decoder/-/string_decoder-1.1.1.tgz. Extracting by manifest.
372 silly tarball no local data for isarray@https://registry.npmjs.org/isarray/-/isarray-1.0.0.tgz. Extracting by manifest.
373 silly tarball no local data for readable-stream@https://registry.npmjs.org/readable-stream/-/readable-stream-2.3.8.tgz. Extracting by manifest.
374 http fetch POST 200 https://registry.npmjs.org/-/npm/v1/security/advisories/bulk 362ms
375 timing auditReport:getReport Completed in 368ms
376 silly audit report {
376 silly audit report   tar: [
376 silly audit report     {
376 silly audit report       id: 1089685,
376 silly audit report       url: 'https://github.com/advisories/GHSA-3jfq-g458-7qm9',
376 silly audit report       title: 'Arbitrary File Creation/Overwrite due to insufficient absolute path sanitization',
376 silly audit report       severity: 'high',
376 silly audit report       vulnerable_versions: '<3.2.2',
376 silly audit report       cwe: [Array],
376 silly audit report       cvss: [Object]
376 silly audit report     },
376 silly audit report     {
376 silly audit report       id: 1095117,
376 silly audit report       url: 'https://github.com/advisories/GHSA-5955-9wpr-37jh',
376 silly audit report       title: 'Arbitrary File Creation/Overwrite on Windows via insufficient relative path sanitization',
376 silly audit report       severity: 'high',
376 silly audit report       vulnerable_versions: '<4.4.18',
376 silly audit report       cwe: [Array],
376 silly audit report       cvss: [Object]
376 silly audit report     }
376 silly audit report   ]
376 silly audit report }
377 timing metavuln:packument:tar Completed in 1ms
378 timing metavuln:cache:get:security-advisory:tar:Oa066nJpV2ox85F6qnk1N5eWmAmoWAMU7byYhWk4oYfHYrQ8aGHfCKRikfcy0dHDcKWKiPRc7Nz7R9fxKkj0Yw== Completed in 31ms
379 timing metavuln:load:security-advisory:tar:1089685 Completed in 5ms
380 timing metavuln:cache:get:security-advisory:tar:2lGtz15Gs28nRX11iCY/mSa25Ky4CfNVzD5qptDvtqdkLXPb/znmxdJ/4OrOyJZ2qQgFtnfxP9ee2xfimUMfuw== Completed in 37ms
381 timing metavuln:load:security-advisory:tar:1095117 Completed in 5ms
382 timing reifyNode:node_modules/ms Completed in 583ms
383 timing reifyNode:node_modules/inherits Completed in 602ms
384 http fetch GET 200 https://registry.npmjs.org/builtins/-/builtins-1.0.3.tgz 616ms (cache miss)
385 timing reifyNode:node_modules/builtins Completed in 678ms
386 http fetch GET 200 https://registry.npmjs.org/concat-map/-/concat-map-0.0.1.tgz 604ms (cache miss)
387 timing reifyNode:node_modules/concat-map Completed in 679ms
388 http fetch GET 200 https://registry.npmjs.org/safe-buffer/-/safe-buffer-5.1.2.tgz 632ms (cache miss)
389 timing reifyNode:node_modules/safe-buffer Completed in 689ms
390 http fetch GET 200 https://registry.npmjs.org/util-deprecate/-/util-deprecate-1.0.2.tgz 634ms (cache miss)
391 timing reifyNode:node_modules/util-deprecate Completed in 689ms
392 http fetch GET 200 https://registry.npmjs.org/sisteransi/-/sisteransi-1.0.5.tgz 602ms (cache miss)
393 timing reifyNode:node_modules/sisteransi Completed in 697ms
394 http fetch GET 200 https://registry.npmjs.org/process-nextick-args/-/process-nextick-args-2.0.1.tgz 646ms (cache miss)
395 timing reifyNode:node_modules/process-nextick-args Completed in 704ms
396 http fetch GET 200 https://registry.npmjs.org/inflight/-/inflight-1.0.6.tgz 634ms (cache miss)
397 timing reifyNode:node_modules/inflight Completed in 704ms
398 http fetch GET 200 https://registry.npmjs.org/wrappy/-/wrappy-1.0.2.tgz 631ms (cache miss)
399 timing reifyNode:node_modules/wrappy Completed in 705ms
400 http fetch GET 200 https://registry.npmjs.org/xtend/-/xtend-4.0.2.tgz 646ms (cache miss)
401 timing reifyNode:node_modules/xtend Completed in 708ms
402 http fetch GET 200 https://registry.npmjs.org/brace-expansion/-/brace-expansion-1.1.11.tgz 629ms (cache miss)
403 timing reifyNode:node_modules/brace-expansion Completed in 708ms
404 http fetch GET 200 https://registry.npmjs.org/fs.realpath/-/fs.realpath-1.0.0.tgz 637ms (cache miss)
405 timing reifyNode:node_modules/fs.realpath Completed in 709ms
406 http fetch GET 200 https://registry.npmjs.org/kleur/-/kleur-3.0.3.tgz 611ms (cache miss)
407 timing reifyNode:node_modules/kleur Completed in 708ms
408 http fetch GET 200 https://registry.npmjs.org/once/-/once-1.4.0.tgz 624ms (cache miss)
409 timing reifyNode:node_modules/once Completed in 709ms
410 http fetch GET 200 https://registry.npmjs.org/shebang-regex/-/shebang-regex-3.0.0.tgz 620ms (cache miss)
411 timing reifyNode:node_modules/shebang-regex Completed in 708ms
412 http fetch GET 200 https://registry.npmjs.org/core-util-is/-/core-util-is-1.0.3.tgz 619ms (cache miss)
413 timing reifyNode:node_modules/core-util-is Completed in 713ms
414 http fetch GET 200 https://registry.npmjs.org/through2/-/through2-0.6.5.tgz 616ms (cache miss)
415 timing reifyNode:node_modules/through2 Completed in 714ms
416 http fetch GET 200 https://registry.npmjs.org/shebang-command/-/shebang-command-2.0.0.tgz 608ms (cache miss)
417 timing reifyNode:node_modules/shebang-command Completed in 714ms
418 http fetch GET 200 https://registry.npmjs.org/balanced-match/-/balanced-match-1.0.2.tgz 639ms (cache miss)
419 timing reifyNode:node_modules/balanced-match Completed in 716ms
420 http fetch GET 200 https://registry.npmjs.org/uid-number/-/uid-number-0.0.6.tgz 635ms (cache miss)
421 timing reifyNode:node_modules/uid-number Completed in 717ms
422 http fetch GET 200 https://registry.npmjs.org/buffer-from/-/buffer-from-0.1.2.tgz 615ms (cache miss)
423 timing reifyNode:node_modules/buffer-from Completed in 716ms
424 http fetch GET 200 https://registry.npmjs.org/string_decoder/-/string_decoder-0.10.31.tgz 625ms (cache miss)
425 timing reifyNode:node_modules/string_decoder Completed in 716ms
426 http fetch GET 200 https://registry.npmjs.org/supports-color/-/supports-color-7.2.0.tgz 594ms (cache miss)
427 timing reifyNode:node_modules/supports-color Completed in 716ms
428 http fetch GET 200 https://registry.npmjs.org/has-flag/-/has-flag-4.0.0.tgz 631ms (cache miss)
429 timing reifyNode:node_modules/has-flag Completed in 718ms
430 http fetch GET 200 https://registry.npmjs.org/yallist/-/yallist-4.0.0.tgz 629ms (cache miss)
431 timing reifyNode:node_modules/yallist Completed in 719ms
432 http fetch GET 200 https://registry.npmjs.org/isexe/-/isexe-2.0.0.tgz 667ms (cache miss)
433 timing reifyNode:node_modules/isexe Completed in 726ms
434 http fetch GET 200 https://registry.npmjs.org/path-is-absolute/-/path-is-absolute-1.0.1.tgz 656ms (cache miss)
435 timing reifyNode:node_modules/path-is-absolute Completed in 725ms
436 http fetch GET 200 https://registry.npmjs.org/which/-/which-2.0.2.tgz 619ms (cache miss)
437 timing reifyNode:node_modules/which Completed in 724ms
438 http fetch GET 200 https://registry.npmjs.org/block-stream/-/block-stream-0.0.9.tgz 660ms (cache miss)
439 timing reifyNode:node_modules/block-stream Completed in 728ms
440 http fetch GET 200 https://registry.npmjs.org/lru-cache/-/lru-cache-6.0.0.tgz 636ms (cache miss)
441 timing reifyNode:node_modules/lru-cache Completed in 726ms
442 http fetch GET 200 https://registry.npmjs.org/path-key/-/path-key-3.1.1.tgz 618ms (cache miss)
443 timing reifyNode:node_modules/path-key Completed in 726ms
444 http fetch GET 200 https://registry.npmjs.org/duplexer2/-/duplexer2-0.0.2.tgz 631ms (cache miss)
445 timing reifyNode:node_modules/duplexer2 Completed in 731ms
446 http fetch GET 200 https://registry.npmjs.org/isarray/-/isarray-0.0.1.tgz 638ms (cache miss)
447 timing reifyNode:node_modules/isarray Completed in 731ms
448 timing metavuln:cache:put:security-advisory:tar:2lGtz15Gs28nRX11iCY/mSa25Ky4CfNVzD5qptDvtqdkLXPb/znmxdJ/4OrOyJZ2qQgFtnfxP9ee2xfimUMfuw== Completed in 332ms
449 timing metavuln:calculate:security-advisory:tar:1095117 Completed in 374ms
450 http fetch GET 200 https://registry.npmjs.org/color-name/-/color-name-1.1.4.tgz 626ms (cache miss)
451 timing reifyNode:node_modules/color-name Completed in 734ms
452 http fetch GET 200 https://registry.npmjs.org/color-convert/-/color-convert-2.0.1.tgz 625ms (cache miss)
453 timing reifyNode:node_modules/color-convert Completed in 734ms
454 http fetch GET 200 https://registry.npmjs.org/universalify/-/universalify-2.0.1.tgz 636ms (cache miss)
455 timing reifyNode:node_modules/universalify Completed in 737ms
456 http fetch GET 200 https://registry.npmjs.org/rimraf/-/rimraf-2.7.1.tgz 655ms (cache miss)
457 timing reifyNode:node_modules/rimraf Completed in 739ms
458 http fetch GET 200 https://registry.npmjs.org/minimatch/-/minimatch-3.1.2.tgz 661ms (cache miss)
459 timing reifyNode:node_modules/minimatch Completed in 740ms
460 http fetch GET 200 https://registry.npmjs.org/mkdirp/-/mkdirp-0.5.6.tgz 660ms (cache miss)
461 timing reifyNode:node_modules/mkdirp Completed in 740ms
462 http fetch GET 200 https://registry.npmjs.org/ansi-styles/-/ansi-styles-4.3.0.tgz 614ms (cache miss)
463 timing reifyNode:node_modules/ansi-styles Completed in 739ms
464 http fetch GET 200 https://registry.npmjs.org/fstream-ignore/-/fstream-ignore-1.0.5.tgz 655ms (cache miss)
465 timing reifyNode:node_modules/fstream-ignore Completed in 741ms
466 http fetch GET 200 https://registry.npmjs.org/create-react-app/-/create-react-app-5.0.1.tgz 609ms (cache miss)
467 timing reifyNode:node_modules/create-react-app Completed in 745ms
468 http fetch GET 200 https://registry.npmjs.org/isarray/-/isarray-1.0.0.tgz 605ms (cache miss)
469 timing reifyNode:node_modules/tar-pack/node_modules/isarray Completed in 746ms
470 http fetch GET 200 https://registry.npmjs.org/jsonfile/-/jsonfile-6.1.0.tgz 645ms (cache miss)
471 timing reifyNode:node_modules/jsonfile Completed in 747ms
472 http fetch GET 200 https://registry.npmjs.org/string_decoder/-/string_decoder-1.1.1.tgz 607ms (cache miss)
473 timing reifyNode:node_modules/tar-pack/node_modules/string_decoder Completed in 747ms
474 timing metavuln:cache:put:security-advisory:tar:Oa066nJpV2ox85F6qnk1N5eWmAmoWAMU7byYhWk4oYfHYrQ8aGHfCKRikfcy0dHDcKWKiPRc7Nz7R9fxKkj0Yw== Completed in 355ms
475 timing metavuln:calculate:security-advisory:tar:1089685 Completed in 392ms
476 timing metavuln:packument:tar-pack Completed in 0ms
477 http fetch GET 200 https://registry.npmjs.org/hyperquest/-/hyperquest-2.1.3.tgz 621ms (cache miss)
478 timing metavuln:cache:get:security-advisory:tar-pack:3KXljJwoAr/NHejfU6kg41RmjF3Pg6M28t7ViuMjk5SYV3kYL9qyGZ417dIFb1Y8K+hhpo0sBWpskxrKhsZQzQ== Completed in 5ms
479 timing metavuln:load:security-advisory:tar-pack:Oa066nJpV2ox85F6qnk1N5eWmAmoWAMU7byYhWk4oYfHYrQ8aGHfCKRikfcy0dHDcKWKiPRc7Nz7R9fxKkj0Yw== Completed in 5ms
480 http fetch GET 200 https://registry.npmjs.org/tmp/-/tmp-0.2.3.tgz 636ms (cache miss)
481 timing reifyNode:node_modules/tmp Completed in 763ms
482 http fetch GET 200 https://registry.npmjs.org/cross-spawn/-/cross-spawn-7.0.3.tgz 629ms (cache miss)
483 timing reifyNode:node_modules/debug Completed in 766ms
484 timing reifyNode:node_modules/cross-spawn Completed in 763ms
485 http fetch GET 200 https://registry.npmjs.org/readable-stream/-/readable-stream-1.0.34.tgz 628ms (cache miss)
486 http fetch GET 200 https://registry.npmjs.org/validate-npm-package-name/-/validate-npm-package-name-3.0.0.tgz 644ms (cache miss)
487 timing reifyNode:node_modules/validate-npm-package-name Completed in 769ms
488 http fetch GET 200 https://registry.npmjs.org/tar-pack/-/tar-pack-3.4.1.tgz 643ms (cache miss)
489 timing reifyNode:node_modules/through2/node_modules/readable-stream Completed in 775ms
490 http fetch GET 200 https://registry.npmjs.org/graceful-fs/-/graceful-fs-4.2.11.tgz 671ms (cache miss)
491 timing reifyNode:node_modules/graceful-fs Completed in 775ms
492 timing reifyNode:node_modules/tar-pack Completed in 775ms
493 http fetch GET 200 https://registry.npmjs.org/chalk/-/chalk-4.1.2.tgz 654ms (cache miss)
494 timing reifyNode:node_modules/chalk Completed in 789ms
495 http fetch GET 200 https://registry.npmjs.org/commander/-/commander-4.1.1.tgz 656ms (cache miss)
496 timing reifyNode:node_modules/commander Completed in 790ms
497 timing reifyNode:node_modules/hyperquest Completed in 795ms
498 http fetch GET 200 https://registry.npmjs.org/glob/-/glob-7.2.3.tgz 726ms (cache miss)
499 timing reifyNode:node_modules/glob Completed in 799ms
500 http fetch GET 200 https://registry.npmjs.org/envinfo/-/envinfo-7.11.1.tgz 670ms (cache miss)
501 timing reifyNode:node_modules/envinfo Completed in 802ms
502 timing metavuln:cache:put:security-advisory:tar-pack:3KXljJwoAr/NHejfU6kg41RmjF3Pg6M28t7ViuMjk5SYV3kYL9qyGZ417dIFb1Y8K+hhpo0sBWpskxrKhsZQzQ== Completed in 48ms
503 timing metavuln:calculate:security-advisory:tar-pack:Oa066nJpV2ox85F6qnk1N5eWmAmoWAMU7byYhWk4oYfHYrQ8aGHfCKRikfcy0dHDcKWKiPRc7Nz7R9fxKkj0Yw== Completed in 58ms
504 timing metavuln:packument:create-react-app Completed in 0ms
505 timing metavuln:cache:get:security-advisory:create-react-app:BAP5sjD/UipbJVBCija12WlnlurqvRCOfkHPDCK3St763W6JIxpLfRD1F9PMmW4GEaZmK6BFkh/Pye257xPpCw== Completed in 2ms
506 timing metavuln:load:security-advisory:create-react-app:3KXljJwoAr/NHejfU6kg41RmjF3Pg6M28t7ViuMjk5SYV3kYL9qyGZ417dIFb1Y8K+hhpo0sBWpskxrKhsZQzQ== Completed in 16ms
507 http fetch GET 200 https://registry.npmjs.org/minimist/-/minimist-1.2.8.tgz 755ms (cache miss)
508 timing reifyNode:node_modules/minimist Completed in 829ms
509 http fetch GET 200 https://registry.npmjs.org/readable-stream/-/readable-stream-1.1.14.tgz 739ms (cache miss)
510 timing reifyNode:node_modules/readable-stream Completed in 845ms
511 http fetch GET 200 https://registry.npmjs.org/readable-stream/-/readable-stream-2.3.8.tgz 722ms (cache miss)
512 timing reifyNode:node_modules/tar-pack/node_modules/readable-stream Completed in 865ms
513 timing metavuln:cache:put:security-advisory:create-react-app:BAP5sjD/UipbJVBCija12WlnlurqvRCOfkHPDCK3St763W6JIxpLfRD1F9PMmW4GEaZmK6BFkh/Pye257xPpCw== Completed in 48ms
514 timing metavuln:calculate:security-advisory:create-react-app:3KXljJwoAr/NHejfU6kg41RmjF3Pg6M28t7ViuMjk5SYV3kYL9qyGZ417dIFb1Y8K+hhpo0sBWpskxrKhsZQzQ== Completed in 66ms
515 timing auditReport:init Completed in 541ms
516 timing reify:audit Completed in 911ms
517 http fetch GET 200 https://registry.npmjs.org/fstream/-/fstream-1.0.12.tgz 814ms (cache miss)
518 timing reifyNode:node_modules/fstream Completed in 901ms
519 http fetch GET 200 https://registry.npmjs.org/fs-extra/-/fs-extra-10.1.0.tgz 810ms (cache miss)
520 timing reifyNode:node_modules/fs-extra Completed in 941ms
521 http fetch GET 200 https://registry.npmjs.org/semver/-/semver-7.6.0.tgz 816ms (cache miss)
522 timing reifyNode:node_modules/semver Completed in 943ms
523 http fetch GET 200 https://registry.npmjs.org/prompts/-/prompts-2.4.2.tgz 829ms (cache miss)
524 timing reifyNode:node_modules/prompts Completed in 957ms
525 http fetch GET 200 https://registry.npmjs.org/tar/-/tar-2.2.2.tgz 920ms (cache miss)
526 warn deprecated tar@2.2.2: This version of tar is no longer supported, and will not receive security updates. Please upgrade asap.
527 timing reifyNode:node_modules/tar Completed in 1003ms
528 timing reify:unpack Completed in 1006ms
529 timing reify:unretire Completed in 1ms
530 timing build:queue Completed in 5ms
531 timing build:link:node_modules/create-react-app Completed in 6ms
532 timing build:link:node_modules/envinfo Completed in 5ms
533 timing build:link:node_modules/rimraf Completed in 4ms
534 timing build:link:node_modules/semver Completed in 4ms
535 timing build:link:node_modules/mkdirp Completed in 4ms
536 timing build:link:node_modules/which Completed in 4ms
537 timing build:link Completed in 6ms
538 timing build:deps Completed in 11ms
539 timing build Completed in 12ms
540 timing reify:build Completed in 12ms
541 timing reify:trash Completed in 0ms
542 timing reify:save Completed in 33ms
543 timing reify Completed in 2526ms
544 timing command:exec Completed in 70880ms
545 verbose exit 0
546 timing npm Completed in 71957ms
547 info ok
