0 verbose cli /usr/bin/node-18 /usr/bin/npm
1 info using npm@9.8.1
2 info using node@v18.18.2
3 timing npm:load:whichnode Completed in 17ms
4 timing config:load:defaults Completed in 3ms
5 timing config:load:file:/usr/lib/node_modules_18/npm/npmrc Completed in 4ms
6 timing config:load:builtin Completed in 4ms
7 timing config:load:cli Completed in 13ms
8 timing config:load:env Completed in 1ms
9 timing config:load:file:/home/ec2-user/frontend/.npmrc Completed in 1ms
10 timing config:load:project Completed in 2ms
11 timing config:load:file:/home/ec2-user/.npmrc Completed in 0ms
12 timing config:load:user Completed in 1ms
13 timing config:load:file:/etc/npmrc Completed in 5ms
14 timing config:load:global Completed in 5ms
15 timing config:load:setEnvs Completed in 2ms
16 timing config:load Completed in 31ms
17 timing npm:load:configload Completed in 31ms
18 timing config:load:flatten Completed in 15ms
19 timing npm:load:mkdirpcache Completed in 0ms
20 timing npm:load:mkdirplogs Completed in 4ms
21 verbose title npm install express
22 verbose argv "install" "express"
23 timing npm:load:setTitle Completed in 2ms
24 timing npm:load:display Completed in 1ms
25 verbose logfile logs-max:10 dir:/home/ec2-user/.npm/_logs/2024-03-11T08_19_33_247Z-
26 verbose logfile /home/ec2-user/.npm/_logs/2024-03-11T08_19_33_247Z-debug-0.log
27 timing npm:load:logFile Completed in 27ms
28 timing npm:load:timers Completed in 0ms
29 timing npm:load:configScope Completed in 0ms
30 timing npm:load Completed in 157ms
31 timing config:load:flatten Completed in 1ms
32 timing arborist:ctor Completed in 2ms
33 silly logfile done cleaning log files
34 timing arborist:ctor Completed in 0ms
35 timing idealTree:init Completed in 55ms
36 timing idealTree:userRequests Completed in 14ms
37 silly idealTree buildDeps
38 silly fetch manifest express@*
39 http fetch GET 200 https://registry.npmjs.org/express 237ms (cache miss)
40 silly placeDep ROOT express@4.18.3 OK for:  want: *
41 silly fetch manifest accepts@~1.3.8
42 silly fetch manifest array-flatten@1.1.1
43 silly fetch manifest body-parser@1.20.2
44 silly fetch manifest content-disposition@0.5.4
45 silly fetch manifest content-type@~1.0.4
46 silly fetch manifest cookie@0.5.0
47 silly fetch manifest cookie-signature@1.0.6
48 silly fetch manifest debug@2.6.9
49 silly fetch manifest depd@2.0.0
50 silly fetch manifest encodeurl@~1.0.2
51 silly fetch manifest escape-html@~1.0.3
52 silly fetch manifest etag@~1.8.1
53 silly fetch manifest finalhandler@1.2.0
54 silly fetch manifest fresh@0.5.2
55 silly fetch manifest http-errors@2.0.0
56 silly fetch manifest merge-descriptors@1.0.1
57 silly fetch manifest methods@~1.1.2
58 silly fetch manifest on-finished@2.4.1
59 silly fetch manifest parseurl@~1.3.3
60 silly fetch manifest path-to-regexp@0.1.7
61 silly fetch manifest proxy-addr@~2.0.7
62 silly fetch manifest qs@6.11.0
63 silly fetch manifest range-parser@~1.2.1
64 silly fetch manifest safe-buffer@5.2.1
65 silly fetch manifest send@0.18.0
66 silly fetch manifest serve-static@1.15.0
67 silly fetch manifest setprototypeof@1.2.0
68 silly fetch manifest statuses@2.0.1
69 silly fetch manifest type-is@~1.6.18
70 silly fetch manifest utils-merge@1.0.1
71 silly fetch manifest vary@~1.1.2
72 http fetch GET 200 https://registry.npmjs.org/array-flatten 489ms (cache miss)
73 http fetch GET 200 https://registry.npmjs.org/methods 492ms (cache miss)
74 http fetch GET 200 https://registry.npmjs.org/on-finished 494ms (cache miss)
75 http fetch GET 200 https://registry.npmjs.org/accepts 510ms (cache miss)
76 http fetch GET 200 https://registry.npmjs.org/http-errors 500ms (cache miss)
77 http fetch GET 200 https://registry.npmjs.org/fresh 503ms (cache miss)
78 http fetch GET 200 https://registry.npmjs.org/parseurl 500ms (cache miss)
79 http fetch GET 200 https://registry.npmjs.org/escape-html 507ms (cache miss)
80 http fetch GET 200 https://registry.npmjs.org/merge-descriptors 503ms (cache miss)
81 http fetch GET 200 https://registry.npmjs.org/encodeurl 510ms (cache miss)
82 http fetch GET 200 https://registry.npmjs.org/etag 508ms (cache miss)
83 http fetch GET 200 https://registry.npmjs.org/content-disposition 528ms (cache miss)
84 http fetch GET 200 https://registry.npmjs.org/utils-merge 504ms (cache miss)
85 http fetch GET 200 https://registry.npmjs.org/range-parser 512ms (cache miss)
86 http fetch GET 200 https://registry.npmjs.org/content-type 531ms (cache miss)
87 http fetch GET 200 https://registry.npmjs.org/vary 510ms (cache miss)
88 http fetch GET 200 https://registry.npmjs.org/statuses 515ms (cache miss)
89 http fetch GET 200 https://registry.npmjs.org/cookie-signature 539ms (cache miss)
90 http fetch GET 200 https://registry.npmjs.org/depd 538ms (cache miss)
91 http fetch GET 200 https://registry.npmjs.org/setprototypeof 518ms (cache miss)
92 http fetch GET 200 https://registry.npmjs.org/cookie 542ms (cache miss)
93 http fetch GET 200 https://registry.npmjs.org/send 528ms (cache miss)
94 http fetch GET 200 https://registry.npmjs.org/safe-buffer 530ms (cache miss)
95 http fetch GET 200 https://registry.npmjs.org/finalhandler 544ms (cache miss)
96 http fetch GET 200 https://registry.npmjs.org/proxy-addr 538ms (cache miss)
97 http fetch GET 200 https://registry.npmjs.org/type-is 534ms (cache miss)
98 http fetch GET 200 https://registry.npmjs.org/serve-static 541ms (cache miss)
99 http fetch GET 200 https://registry.npmjs.org/body-parser 571ms (cache miss)
100 http fetch GET 200 https://registry.npmjs.org/debug 571ms (cache miss)
101 http fetch GET 200 https://registry.npmjs.org/path-to-regexp 562ms (cache miss)
102 http fetch GET 200 https://registry.npmjs.org/qs 574ms (cache miss)
103 timing idealTree:#root Completed in 871ms
104 silly placeDep ROOT accepts@1.3.8 OK for: express@4.18.3 want: ~1.3.8
105 silly fetch manifest mime-types@~2.1.34
106 silly fetch manifest negotiator@0.6.3
107 silly placeDep ROOT array-flatten@1.1.1 OK for: express@4.18.3 want: 1.1.1
108 silly placeDep ROOT body-parser@1.20.2 OK for: express@4.18.3 want: 1.20.2
109 silly fetch manifest bytes@3.1.2
110 silly fetch manifest content-type@~1.0.5
111 silly fetch manifest destroy@1.2.0
112 silly fetch manifest iconv-lite@0.4.24
113 silly fetch manifest raw-body@2.5.2
114 silly fetch manifest unpipe@1.0.0
115 silly placeDep ROOT content-disposition@0.5.4 OK for: express@4.18.3 want: 0.5.4
116 silly placeDep ROOT content-type@1.0.5 OK for: express@4.18.3 want: ~1.0.4
117 silly placeDep ROOT cookie@0.5.0 OK for: express@4.18.3 want: 0.5.0
118 silly placeDep ROOT cookie-signature@1.0.6 OK for: express@4.18.3 want: 1.0.6
119 silly placeDep ROOT debug@2.6.9 OK for: express@4.18.3 want: 2.6.9
120 silly fetch manifest ms@2.0.0
121 silly placeDep ROOT depd@2.0.0 OK for: express@4.18.3 want: 2.0.0
122 silly placeDep ROOT encodeurl@1.0.2 OK for: express@4.18.3 want: ~1.0.2
123 silly placeDep ROOT escape-html@1.0.3 OK for: express@4.18.3 want: ~1.0.3
124 silly placeDep ROOT etag@1.8.1 OK for: express@4.18.3 want: ~1.8.1
125 silly placeDep ROOT finalhandler@1.2.0 OK for: express@4.18.3 want: 1.2.0
126 silly fetch manifest unpipe@~1.0.0
127 silly placeDep ROOT fresh@0.5.2 OK for: express@4.18.3 want: 0.5.2
128 silly placeDep ROOT http-errors@2.0.0 OK for: express@4.18.3 want: 2.0.0
129 silly fetch manifest inherits@2.0.4
130 silly fetch manifest toidentifier@1.0.1
131 silly placeDep ROOT merge-descriptors@1.0.1 OK for: express@4.18.3 want: 1.0.1
132 silly placeDep ROOT methods@1.1.2 OK for: express@4.18.3 want: ~1.1.2
133 silly placeDep ROOT on-finished@2.4.1 OK for: express@4.18.3 want: 2.4.1
134 silly fetch manifest ee-first@1.1.1
135 silly placeDep ROOT parseurl@1.3.3 OK for: express@4.18.3 want: ~1.3.3
136 silly placeDep ROOT path-to-regexp@0.1.7 OK for: express@4.18.3 want: 0.1.7
137 silly placeDep ROOT proxy-addr@2.0.7 OK for: express@4.18.3 want: ~2.0.7
138 silly fetch manifest forwarded@0.2.0
139 silly fetch manifest ipaddr.js@1.9.1
140 silly placeDep ROOT qs@6.11.0 OK for: express@4.18.3 want: 6.11.0
141 silly fetch manifest side-channel@^1.0.4
142 silly placeDep ROOT range-parser@1.2.1 OK for: express@4.18.3 want: ~1.2.1
143 silly placeDep ROOT safe-buffer@5.2.1 OK for: express@4.18.3 want: 5.2.1
144 silly placeDep ROOT send@0.18.0 OK for: express@4.18.3 want: 0.18.0
145 silly fetch manifest mime@1.6.0
146 silly fetch manifest ms@2.1.3
147 silly placeDep ROOT serve-static@1.15.0 OK for: express@4.18.3 want: 1.15.0
148 silly placeDep ROOT setprototypeof@1.2.0 OK for: express@4.18.3 want: 1.2.0
149 silly placeDep ROOT statuses@2.0.1 OK for: express@4.18.3 want: 2.0.1
150 silly placeDep ROOT type-is@1.6.18 OK for: express@4.18.3 want: ~1.6.18
151 silly fetch manifest media-typer@0.3.0
152 silly fetch manifest mime-types@~2.1.24
153 silly placeDep ROOT utils-merge@1.0.1 OK for: express@4.18.3 want: 1.0.1
154 silly placeDep ROOT vary@1.1.2 OK for: express@4.18.3 want: ~1.1.2
155 http fetch GET 200 https://registry.npmjs.org/unpipe 369ms (cache miss)
156 http fetch GET 200 https://registry.npmjs.org/destroy 383ms (cache miss)
157 http fetch GET 200 https://registry.npmjs.org/forwarded 338ms (cache miss)
158 http fetch GET 200 https://registry.npmjs.org/unpipe 362ms (cache miss)
159 http fetch GET 200 https://registry.npmjs.org/toidentifier 357ms (cache miss)
160 http fetch GET 200 https://registry.npmjs.org/inherits 359ms (cache miss)
161 http fetch GET 200 https://registry.npmjs.org/ee-first 354ms (cache miss)
162 http fetch GET 200 https://registry.npmjs.org/ms 382ms (cache miss)
163 http fetch GET 200 https://registry.npmjs.org/side-channel 350ms (cache miss)
164 http fetch GET 200 https://registry.npmjs.org/media-typer 321ms (cache miss)
165 http fetch GET 200 https://registry.npmjs.org/negotiator 413ms (cache miss)
166 http fetch GET 200 https://registry.npmjs.org/bytes 402ms (cache miss)
167 http fetch GET 200 https://registry.npmjs.org/raw-body 397ms (cache miss)
168 http fetch GET 200 https://registry.npmjs.org/ms 339ms (cache miss)
169 http fetch GET 200 https://registry.npmjs.org/mime 342ms (cache miss)
170 http fetch GET 200 https://registry.npmjs.org/mime-types 333ms (cache miss)
171 http fetch GET 200 https://registry.npmjs.org/ipaddr.js 368ms (cache miss)
172 http fetch GET 200 https://registry.npmjs.org/mime-types 430ms (cache miss)
173 http fetch GET 200 https://registry.npmjs.org/iconv-lite 420ms (cache miss)
174 timing idealTree:node_modules/express Completed in 493ms
175 silly placeDep ROOT mime-types@2.1.35 OK for: accepts@1.3.8 want: ~2.1.34
176 silly fetch manifest mime-db@1.52.0
177 silly placeDep ROOT negotiator@0.6.3 OK for: accepts@1.3.8 want: 0.6.3
178 http fetch GET 200 https://registry.npmjs.org/npm 1571ms (cache miss)
179 http fetch GET 200 https://registry.npmjs.org/mime-db 150ms (cache miss)
180 timing idealTree:node_modules/accepts Completed in 156ms
181 timing idealTree:node_modules/array-flatten Completed in 0ms
182 silly placeDep ROOT bytes@3.1.2 OK for: body-parser@1.20.2 want: 3.1.2
183 silly placeDep ROOT destroy@1.2.0 OK for: body-parser@1.20.2 want: 1.2.0
184 silly placeDep ROOT iconv-lite@0.4.24 OK for: body-parser@1.20.2 want: 0.4.24
185 silly fetch manifest safer-buffer@>= 2.1.2 < 3
186 silly placeDep ROOT raw-body@2.5.2 OK for: body-parser@1.20.2 want: 2.5.2
187 silly placeDep ROOT unpipe@1.0.0 OK for: body-parser@1.20.2 want: 1.0.0
188 http fetch GET 200 https://registry.npmjs.org/safer-buffer 49ms (cache miss)
189 timing idealTree:node_modules/body-parser Completed in 67ms
190 timing idealTree:node_modules/bytes Completed in 0ms
191 timing idealTree:node_modules/content-disposition Completed in 0ms
192 timing idealTree:node_modules/content-type Completed in 0ms
193 timing idealTree:node_modules/cookie Completed in 0ms
194 timing idealTree:node_modules/cookie-signature Completed in 0ms
195 silly placeDep ROOT ms@2.0.0 OK for: debug@2.6.9 want: 2.0.0
196 timing idealTree:node_modules/debug Completed in 2ms
197 timing idealTree:node_modules/depd Completed in 0ms
198 timing idealTree:node_modules/destroy Completed in 0ms
199 timing idealTree:node_modules/encodeurl Completed in 0ms
200 timing idealTree:node_modules/escape-html Completed in 0ms
201 timing idealTree:node_modules/etag Completed in 0ms
202 timing idealTree:node_modules/finalhandler Completed in 1ms
203 timing idealTree:node_modules/fresh Completed in 0ms
204 silly placeDep ROOT inherits@2.0.4 OK for: http-errors@2.0.0 want: 2.0.4
205 silly placeDep ROOT toidentifier@1.0.1 OK for: http-errors@2.0.0 want: 1.0.1
206 timing idealTree:node_modules/http-errors Completed in 2ms
207 silly placeDep ROOT safer-buffer@2.1.2 OK for: iconv-lite@0.4.24 want: >= 2.1.2 < 3
208 timing idealTree:node_modules/iconv-lite Completed in 12ms
209 timing idealTree:node_modules/inherits Completed in 0ms
210 timing idealTree:node_modules/merge-descriptors Completed in 0ms
211 timing idealTree:node_modules/methods Completed in 0ms
212 silly placeDep ROOT mime-db@1.52.0 OK for: mime-types@2.1.35 want: 1.52.0
213 timing idealTree:node_modules/mime-types Completed in 1ms
214 timing idealTree:node_modules/mime-db Completed in 0ms
215 timing idealTree:node_modules/ms Completed in 0ms
216 timing idealTree:node_modules/negotiator Completed in 0ms
217 silly placeDep ROOT ee-first@1.1.1 OK for: on-finished@2.4.1 want: 1.1.1
218 timing idealTree:node_modules/on-finished Completed in 1ms
219 timing idealTree:node_modules/ee-first Completed in 0ms
220 timing idealTree:node_modules/parseurl Completed in 0ms
221 timing idealTree:node_modules/path-to-regexp Completed in 0ms
222 silly placeDep ROOT forwarded@0.2.0 OK for: proxy-addr@2.0.7 want: 0.2.0
223 silly placeDep ROOT ipaddr.js@1.9.1 OK for: proxy-addr@2.0.7 want: 1.9.1
224 timing idealTree:node_modules/proxy-addr Completed in 7ms
225 timing idealTree:node_modules/forwarded Completed in 0ms
226 timing idealTree:node_modules/ipaddr.js Completed in 0ms
227 silly placeDep ROOT side-channel@1.0.6 OK for: qs@6.11.0 want: ^1.0.4
228 silly fetch manifest call-bind@^1.0.7
229 silly fetch manifest es-errors@^1.3.0
230 silly fetch manifest get-intrinsic@^1.2.4
231 silly fetch manifest object-inspect@^1.13.1
232 http fetch GET 200 https://registry.npmjs.org/call-bind 99ms (cache miss)
233 http fetch GET 200 https://registry.npmjs.org/es-errors 97ms (cache miss)
234 http fetch GET 200 https://registry.npmjs.org/get-intrinsic 98ms (cache miss)
235 http fetch GET 200 https://registry.npmjs.org/object-inspect 104ms (cache miss)
236 timing idealTree:node_modules/qs Completed in 118ms
237 timing idealTree:node_modules/range-parser Completed in 0ms
238 timing idealTree:node_modules/raw-body Completed in 0ms
239 timing idealTree:node_modules/safe-buffer Completed in 0ms
240 timing idealTree:node_modules/safer-buffer Completed in 0ms
241 silly placeDep ROOT mime@1.6.0 OK for: send@0.18.0 want: 1.6.0
242 silly placeDep node_modules/send ms@2.1.3 OK for: send@0.18.0 want: 2.1.3
243 timing idealTree:node_modules/send Completed in 4ms
244 timing idealTree:node_modules/mime Completed in 0ms
245 timing idealTree:node_modules/serve-static Completed in 0ms
246 timing idealTree:node_modules/setprototypeof Completed in 0ms
247 silly placeDep ROOT call-bind@1.0.7 OK for: side-channel@1.0.6 want: ^1.0.7
248 silly fetch manifest es-define-property@^1.0.0
249 silly fetch manifest function-bind@^1.1.2
250 silly fetch manifest set-function-length@^1.2.1
251 silly placeDep ROOT es-errors@1.3.0 OK for: side-channel@1.0.6 want: ^1.3.0
252 silly placeDep ROOT get-intrinsic@1.2.4 OK for: side-channel@1.0.6 want: ^1.2.4
253 silly fetch manifest has-proto@^1.0.1
254 silly fetch manifest has-symbols@^1.0.3
255 silly fetch manifest hasown@^2.0.0
256 silly placeDep ROOT object-inspect@1.13.1 OK for: side-channel@1.0.6 want: ^1.13.1
257 http fetch GET 200 https://registry.npmjs.org/es-define-property 48ms (cache miss)
258 http fetch GET 200 https://registry.npmjs.org/has-proto 82ms (cache miss)
259 http fetch GET 200 https://registry.npmjs.org/hasown 80ms (cache miss)
260 http fetch GET 200 https://registry.npmjs.org/function-bind 89ms (cache miss)
261 http fetch GET 200 https://registry.npmjs.org/set-function-length 93ms (cache miss)
262 http fetch GET 200 https://registry.npmjs.org/has-symbols 88ms (cache miss)
263 timing idealTree:node_modules/side-channel Completed in 114ms
264 silly placeDep ROOT es-define-property@1.0.0 OK for: call-bind@1.0.7 want: ^1.0.0
265 silly placeDep ROOT function-bind@1.1.2 OK for: call-bind@1.0.7 want: ^1.1.2
266 silly placeDep ROOT set-function-length@1.2.2 OK for: call-bind@1.0.7 want: ^1.2.1
267 silly fetch manifest define-data-property@^1.1.4
268 silly fetch manifest gopd@^1.0.1
269 silly fetch manifest has-property-descriptors@^1.0.2
270 http fetch GET 200 https://registry.npmjs.org/gopd 62ms (cache miss)
271 http fetch GET 200 https://registry.npmjs.org/has-property-descriptors 50ms (cache miss)
272 http fetch GET 200 https://registry.npmjs.org/define-data-property 65ms (cache miss)
273 timing idealTree:node_modules/call-bind Completed in 73ms
274 timing idealTree:node_modules/es-define-property Completed in 0ms
275 timing idealTree:node_modules/es-errors Completed in 0ms
276 timing idealTree:node_modules/function-bind Completed in 0ms
277 silly placeDep ROOT has-proto@1.0.3 OK for: get-intrinsic@1.2.4 want: ^1.0.1
278 silly placeDep ROOT has-symbols@1.0.3 OK for: get-intrinsic@1.2.4 want: ^1.0.3
279 silly placeDep ROOT hasown@2.0.2 OK for: get-intrinsic@1.2.4 want: ^2.0.0
280 timing idealTree:node_modules/get-intrinsic Completed in 5ms
281 timing idealTree:node_modules/has-proto Completed in 0ms
282 timing idealTree:node_modules/has-symbols Completed in 0ms
283 timing idealTree:node_modules/hasown Completed in 0ms
284 timing idealTree:node_modules/object-inspect Completed in 0ms
285 silly placeDep ROOT define-data-property@1.1.4 OK for: set-function-length@1.2.2 want: ^1.1.4
286 silly placeDep ROOT gopd@1.0.1 OK for: set-function-length@1.2.2 want: ^1.0.1
287 silly placeDep ROOT has-property-descriptors@1.0.2 OK for: set-function-length@1.2.2 want: ^1.0.2
288 timing idealTree:node_modules/set-function-length Completed in 23ms
289 timing idealTree:node_modules/define-data-property Completed in 0ms
290 timing idealTree:node_modules/gopd Completed in 0ms
291 timing idealTree:node_modules/has-property-descriptors Completed in 0ms
292 timing idealTree:node_modules/statuses Completed in 0ms
293 timing idealTree:node_modules/toidentifier Completed in 0ms
294 silly placeDep ROOT media-typer@0.3.0 OK for: type-is@1.6.18 want: 0.3.0
295 timing idealTree:node_modules/type-is Completed in 1ms
296 timing idealTree:node_modules/media-typer Completed in 0ms
297 timing idealTree:node_modules/unpipe Completed in 0ms
298 timing idealTree:node_modules/utils-merge Completed in 0ms
299 timing idealTree:node_modules/vary Completed in 0ms
300 timing idealTree:node_modules/send/node_modules/ms Completed in 0ms
301 timing idealTree:buildDeps Completed in 1963ms
302 timing idealTree:fixDepFlags Completed in 2ms
303 timing idealTree Completed in 2038ms
304 timing reify:loadTrees Completed in 2040ms
305 timing reify:diffTrees Completed in 3ms
306 silly reify moves {}
307 timing reify:retireShallow Completed in 1ms
308 timing reify:createSparse Completed in 18ms
309 timing reify:loadBundles Completed in 0ms
310 silly tarball no local data for ms@https://registry.npmjs.org/ms/-/ms-2.1.3.tgz. Extracting by manifest.
311 silly tarball no local data for media-typer@https://registry.npmjs.org/media-typer/-/media-typer-0.3.0.tgz. Extracting by manifest.
312 silly tarball no local data for has-property-descriptors@https://registry.npmjs.org/has-property-descriptors/-/has-property-descriptors-1.0.2.tgz. Extracting by manifest.
313 silly tarball no local data for gopd@https://registry.npmjs.org/gopd/-/gopd-1.0.1.tgz. Extracting by manifest.
314 silly tarball no local data for define-data-property@https://registry.npmjs.org/define-data-property/-/define-data-property-1.1.4.tgz. Extracting by manifest.
315 silly tarball no local data for hasown@https://registry.npmjs.org/hasown/-/hasown-2.0.2.tgz. Extracting by manifest.
316 silly tarball no local data for has-symbols@https://registry.npmjs.org/has-symbols/-/has-symbols-1.0.3.tgz. Extracting by manifest.
317 silly tarball no local data for has-proto@https://registry.npmjs.org/has-proto/-/has-proto-1.0.3.tgz. Extracting by manifest.
318 silly tarball no local data for set-function-length@https://registry.npmjs.org/set-function-length/-/set-function-length-1.2.2.tgz. Extracting by manifest.
319 silly tarball no local data for function-bind@https://registry.npmjs.org/function-bind/-/function-bind-1.1.2.tgz. Extracting by manifest.
320 silly tarball no local data for es-define-property@https://registry.npmjs.org/es-define-property/-/es-define-property-1.0.0.tgz. Extracting by manifest.
321 silly tarball no local data for object-inspect@https://registry.npmjs.org/object-inspect/-/object-inspect-1.13.1.tgz. Extracting by manifest.
322 silly tarball no local data for get-intrinsic@https://registry.npmjs.org/get-intrinsic/-/get-intrinsic-1.2.4.tgz. Extracting by manifest.
323 silly tarball no local data for es-errors@https://registry.npmjs.org/es-errors/-/es-errors-1.3.0.tgz. Extracting by manifest.
324 silly tarball no local data for call-bind@https://registry.npmjs.org/call-bind/-/call-bind-1.0.7.tgz. Extracting by manifest.
325 silly tarball no local data for mime@https://registry.npmjs.org/mime/-/mime-1.6.0.tgz. Extracting by manifest.
326 silly tarball no local data for side-channel@https://registry.npmjs.org/side-channel/-/side-channel-1.0.6.tgz. Extracting by manifest.
327 silly tarball no local data for ipaddr.js@https://registry.npmjs.org/ipaddr.js/-/ipaddr.js-1.9.1.tgz. Extracting by manifest.
328 silly tarball no local data for forwarded@https://registry.npmjs.org/forwarded/-/forwarded-0.2.0.tgz. Extracting by manifest.
329 silly tarball no local data for ee-first@https://registry.npmjs.org/ee-first/-/ee-first-1.1.1.tgz. Extracting by manifest.
330 silly tarball no local data for mime-db@https://registry.npmjs.org/mime-db/-/mime-db-1.52.0.tgz. Extracting by manifest.
331 silly tarball no local data for safer-buffer@https://registry.npmjs.org/safer-buffer/-/safer-buffer-2.1.2.tgz. Extracting by manifest.
332 silly tarball no local data for toidentifier@https://registry.npmjs.org/toidentifier/-/toidentifier-1.0.1.tgz. Extracting by manifest.
333 silly tarball no local data for inherits@https://registry.npmjs.org/inherits/-/inherits-2.0.4.tgz. Extracting by manifest.
334 silly tarball no local data for ms@https://registry.npmjs.org/ms/-/ms-2.0.0.tgz. Extracting by manifest.
335 silly tarball no local data for unpipe@https://registry.npmjs.org/unpipe/-/unpipe-1.0.0.tgz. Extracting by manifest.
336 silly tarball no local data for raw-body@https://registry.npmjs.org/raw-body/-/raw-body-2.5.2.tgz. Extracting by manifest.
337 silly tarball no local data for iconv-lite@https://registry.npmjs.org/iconv-lite/-/iconv-lite-0.4.24.tgz. Extracting by manifest.
338 silly tarball no local data for destroy@https://registry.npmjs.org/destroy/-/destroy-1.2.0.tgz. Extracting by manifest.
339 silly tarball no local data for negotiator@https://registry.npmjs.org/negotiator/-/negotiator-0.6.3.tgz. Extracting by manifest.
340 silly tarball no local data for mime-types@https://registry.npmjs.org/mime-types/-/mime-types-2.1.35.tgz. Extracting by manifest.
341 silly tarball no local data for vary@https://registry.npmjs.org/vary/-/vary-1.1.2.tgz. Extracting by manifest.
342 silly tarball no local data for utils-merge@https://registry.npmjs.org/utils-merge/-/utils-merge-1.0.1.tgz. Extracting by manifest.
343 silly tarball no local data for type-is@https://registry.npmjs.org/type-is/-/type-is-1.6.18.tgz. Extracting by manifest.
344 silly tarball no local data for statuses@https://registry.npmjs.org/statuses/-/statuses-2.0.1.tgz. Extracting by manifest.
345 silly tarball no local data for setprototypeof@https://registry.npmjs.org/setprototypeof/-/setprototypeof-1.2.0.tgz. Extracting by manifest.
346 silly tarball no local data for serve-static@https://registry.npmjs.org/serve-static/-/serve-static-1.15.0.tgz. Extracting by manifest.
347 silly tarball no local data for send@https://registry.npmjs.org/send/-/send-0.18.0.tgz. Extracting by manifest.
348 silly tarball no local data for safe-buffer@https://registry.npmjs.org/safe-buffer/-/safe-buffer-5.2.1.tgz. Extracting by manifest.
349 silly tarball no local data for bytes@https://registry.npmjs.org/bytes/-/bytes-3.1.2.tgz. Extracting by manifest.
350 silly tarball no local data for range-parser@https://registry.npmjs.org/range-parser/-/range-parser-1.2.1.tgz. Extracting by manifest.
351 silly tarball no local data for qs@https://registry.npmjs.org/qs/-/qs-6.11.0.tgz. Extracting by manifest.
352 silly tarball no local data for proxy-addr@https://registry.npmjs.org/proxy-addr/-/proxy-addr-2.0.7.tgz. Extracting by manifest.
353 silly tarball no local data for path-to-regexp@https://registry.npmjs.org/path-to-regexp/-/path-to-regexp-0.1.7.tgz. Extracting by manifest.
354 silly tarball no local data for parseurl@https://registry.npmjs.org/parseurl/-/parseurl-1.3.3.tgz. Extracting by manifest.
355 silly tarball no local data for on-finished@https://registry.npmjs.org/on-finished/-/on-finished-2.4.1.tgz. Extracting by manifest.
356 silly tarball no local data for methods@https://registry.npmjs.org/methods/-/methods-1.1.2.tgz. Extracting by manifest.
357 silly tarball no local data for merge-descriptors@https://registry.npmjs.org/merge-descriptors/-/merge-descriptors-1.0.1.tgz. Extracting by manifest.
358 silly tarball no local data for http-errors@https://registry.npmjs.org/http-errors/-/http-errors-2.0.0.tgz. Extracting by manifest.
359 silly tarball no local data for fresh@https://registry.npmjs.org/fresh/-/fresh-0.5.2.tgz. Extracting by manifest.
360 silly tarball no local data for finalhandler@https://registry.npmjs.org/finalhandler/-/finalhandler-1.2.0.tgz. Extracting by manifest.
361 silly tarball no local data for etag@https://registry.npmjs.org/etag/-/etag-1.8.1.tgz. Extracting by manifest.
362 silly tarball no local data for escape-html@https://registry.npmjs.org/escape-html/-/escape-html-1.0.3.tgz. Extracting by manifest.
363 silly tarball no local data for encodeurl@https://registry.npmjs.org/encodeurl/-/encodeurl-1.0.2.tgz. Extracting by manifest.
364 silly tarball no local data for depd@https://registry.npmjs.org/depd/-/depd-2.0.0.tgz. Extracting by manifest.
365 silly tarball no local data for debug@https://registry.npmjs.org/debug/-/debug-2.6.9.tgz. Extracting by manifest.
366 silly tarball no local data for cookie-signature@https://registry.npmjs.org/cookie-signature/-/cookie-signature-1.0.6.tgz. Extracting by manifest.
367 silly tarball no local data for cookie@https://registry.npmjs.org/cookie/-/cookie-0.5.0.tgz. Extracting by manifest.
368 silly tarball no local data for content-type@https://registry.npmjs.org/content-type/-/content-type-1.0.5.tgz. Extracting by manifest.
369 silly tarball no local data for content-disposition@https://registry.npmjs.org/content-disposition/-/content-disposition-0.5.4.tgz. Extracting by manifest.
370 silly tarball no local data for body-parser@https://registry.npmjs.org/body-parser/-/body-parser-1.20.2.tgz. Extracting by manifest.
371 silly tarball no local data for array-flatten@https://registry.npmjs.org/array-flatten/-/array-flatten-1.1.1.tgz. Extracting by manifest.
372 silly tarball no local data for accepts@https://registry.npmjs.org/accepts/-/accepts-1.3.8.tgz. Extracting by manifest.
373 silly tarball no local data for express@https://registry.npmjs.org/express/-/express-4.18.3.tgz. Extracting by manifest.
374 http fetch GET 200 https://registry.npmjs.org/media-typer/-/media-typer-0.3.0.tgz 1289ms (cache miss)
375 timing reifyNode:node_modules/media-typer Completed in 1464ms
376 http fetch GET 200 https://registry.npmjs.org/ee-first/-/ee-first-1.1.1.tgz 1249ms (cache miss)
377 timing reifyNode:node_modules/ee-first Completed in 1459ms
378 http fetch GET 200 https://registry.npmjs.org/serve-static/-/serve-static-1.15.0.tgz 1213ms (cache miss)
379 timing reifyNode:node_modules/serve-static Completed in 1461ms
380 http fetch GET 200 https://registry.npmjs.org/es-define-property/-/es-define-property-1.0.0.tgz 1277ms (cache miss)
381 timing reifyNode:node_modules/es-define-property Completed in 1471ms
382 http fetch GET 200 https://registry.npmjs.org/ms/-/ms-2.1.3.tgz 1352ms (cache miss)
383 timing reifyNode:node_modules/send/node_modules/ms Completed in 1478ms
384 http fetch GET 200 https://registry.npmjs.org/hasown/-/hasown-2.0.2.tgz 1314ms (cache miss)
385 timing reifyNode:node_modules/hasown Completed in 1492ms
386 http fetch GET 200 https://registry.npmjs.org/has-proto/-/has-proto-1.0.3.tgz 1313ms (cache miss)
387 timing reifyNode:node_modules/has-proto Completed in 1494ms
388 http fetch GET 200 https://registry.npmjs.org/define-data-property/-/define-data-property-1.1.4.tgz 1319ms (cache miss)
389 http fetch GET 200 https://registry.npmjs.org/utils-merge/-/utils-merge-1.0.1.tgz 1243ms (cache miss)
390 timing reifyNode:node_modules/utils-merge Completed in 1486ms
391 http fetch GET 200 https://registry.npmjs.org/gopd/-/gopd-1.0.1.tgz 1327ms (cache miss)
392 timing reifyNode:node_modules/gopd Completed in 1504ms
393 http fetch GET 200 https://registry.npmjs.org/toidentifier/-/toidentifier-1.0.1.tgz 1279ms (cache miss)
394 timing reifyNode:node_modules/toidentifier Completed in 1492ms
395 http fetch GET 200 https://registry.npmjs.org/inherits/-/inherits-2.0.4.tgz 1278ms (cache miss)
396 timing reifyNode:node_modules/inherits Completed in 1491ms
397 http fetch GET 200 https://registry.npmjs.org/mime-types/-/mime-types-2.1.35.tgz 1254ms (cache miss)
398 timing reifyNode:node_modules/mime-types Completed in 1492ms
399 http fetch GET 200 https://registry.npmjs.org/side-channel/-/side-channel-1.0.6.tgz 1288ms (cache miss)
400 http fetch GET 200 https://registry.npmjs.org/setprototypeof/-/setprototypeof-1.2.0.tgz 1247ms (cache miss)
401 timing reifyNode:node_modules/setprototypeof Completed in 1493ms
402 http fetch GET 200 https://registry.npmjs.org/ipaddr.js/-/ipaddr.js-1.9.1.tgz 1305ms (cache miss)
403 timing reifyNode:node_modules/ipaddr.js Completed in 1512ms
404 http fetch GET 200 https://registry.npmjs.org/on-finished/-/on-finished-2.4.1.tgz 1232ms (cache miss)
405 timing reifyNode:node_modules/on-finished Completed in 1511ms
406 http fetch GET 200 https://registry.npmjs.org/finalhandler/-/finalhandler-1.2.0.tgz 1217ms (cache miss)
407 timing reifyNode:node_modules/finalhandler Completed in 1511ms
408 http fetch GET 200 https://registry.npmjs.org/get-intrinsic/-/get-intrinsic-1.2.4.tgz 1325ms (cache miss)
409 timing reifyNode:node_modules/get-intrinsic Completed in 1514ms
410 timing reifyNode:node_modules/define-data-property Completed in 1526ms
411 http fetch GET 200 https://registry.npmjs.org/range-parser/-/range-parser-1.2.1.tgz 1249ms (cache miss)
412 timing reifyNode:node_modules/range-parser Completed in 1512ms
413 timing reifyNode:node_modules/side-channel Completed in 1514ms
414 http fetch GET 200 https://registry.npmjs.org/vary/-/vary-1.1.2.tgz 1290ms (cache miss)
415 timing reifyNode:node_modules/vary Completed in 1532ms
416 http fetch GET 200 https://registry.npmjs.org/safe-buffer/-/safe-buffer-5.2.1.tgz 1272ms (cache miss)
417 timing reifyNode:node_modules/safe-buffer Completed in 1531ms
418 http fetch GET 200 https://registry.npmjs.org/cookie-signature/-/cookie-signature-1.0.6.tgz 1211ms (cache miss)
419 timing reifyNode:node_modules/cookie-signature Completed in 1532ms
420 http fetch GET 200 https://registry.npmjs.org/negotiator/-/negotiator-0.6.3.tgz 1298ms (cache miss)
421 http fetch GET 200 https://registry.npmjs.org/type-is/-/type-is-1.6.18.tgz 1293ms (cache miss)
422 timing reifyNode:node_modules/type-is Completed in 1538ms
423 http fetch GET 200 https://registry.npmjs.org/fresh/-/fresh-0.5.2.tgz 1259ms (cache miss)
424 timing reifyNode:node_modules/fresh Completed in 1546ms
425 http fetch GET 200 https://registry.npmjs.org/unpipe/-/unpipe-1.0.0.tgz 1316ms (cache miss)
426 timing reifyNode:node_modules/unpipe Completed in 1548ms
427 http fetch GET 200 https://registry.npmjs.org/ms/-/ms-2.0.0.tgz 1317ms (cache miss)
428 timing reifyNode:node_modules/ms Completed in 1548ms
429 http fetch GET 200 https://registry.npmjs.org/statuses/-/statuses-2.0.1.tgz 1303ms (cache miss)
430 timing reifyNode:node_modules/statuses Completed in 1549ms
431 http fetch GET 200 https://registry.npmjs.org/forwarded/-/forwarded-0.2.0.tgz 1341ms (cache miss)
432 timing reifyNode:node_modules/forwarded Completed in 1550ms
433 http fetch GET 200 https://registry.npmjs.org/destroy/-/destroy-1.2.0.tgz 1313ms (cache miss)
434 timing reifyNode:node_modules/destroy Completed in 1549ms
435 http fetch GET 200 https://registry.npmjs.org/parseurl/-/parseurl-1.3.3.tgz 1271ms (cache miss)
436 timing reifyNode:node_modules/parseurl Completed in 1549ms
437 http fetch GET 200 https://registry.npmjs.org/etag/-/etag-1.8.1.tgz 1247ms (cache miss)
438 timing reifyNode:node_modules/etag Completed in 1549ms
439 http fetch GET 200 https://registry.npmjs.org/has-property-descriptors/-/has-property-descriptors-1.0.2.tgz 1388ms (cache miss)
440 timing reifyNode:node_modules/has-property-descriptors Completed in 1564ms
441 http fetch GET 200 https://registry.npmjs.org/encodeurl/-/encodeurl-1.0.2.tgz 1249ms (cache miss)
442 timing reifyNode:node_modules/encodeurl Completed in 1553ms
443 http fetch GET 200 https://registry.npmjs.org/mime/-/mime-1.6.0.tgz 1351ms (cache miss)
444 timing reifyNode:node_modules/mime Completed in 1556ms
445 http fetch GET 200 https://registry.npmjs.org/http-errors/-/http-errors-2.0.0.tgz 1268ms (cache miss)
446 timing reifyNode:node_modules/http-errors Completed in 1555ms
447 timing reifyNode:node_modules/negotiator Completed in 1556ms
448 http fetch GET 200 https://registry.npmjs.org/path-to-regexp/-/path-to-regexp-0.1.7.tgz 1288ms (cache miss)
449 timing reifyNode:node_modules/path-to-regexp Completed in 1555ms
450 http fetch GET 200 https://registry.npmjs.org/array-flatten/-/array-flatten-1.1.1.tgz 1228ms (cache miss)
451 timing reifyNode:node_modules/array-flatten Completed in 1555ms
452 http fetch GET 200 https://registry.npmjs.org/methods/-/methods-1.1.2.tgz 1276ms (cache miss)
453 timing reifyNode:node_modules/methods Completed in 1556ms
454 http fetch GET 200 https://registry.npmjs.org/merge-descriptors/-/merge-descriptors-1.0.1.tgz 1272ms (cache miss)
455 timing reifyNode:node_modules/merge-descriptors Completed in 1556ms
456 http fetch GET 200 https://registry.npmjs.org/escape-html/-/escape-html-1.0.3.tgz 1267ms (cache miss)
457 timing reifyNode:node_modules/escape-html Completed in 1570ms
458 http fetch GET 200 https://registry.npmjs.org/raw-body/-/raw-body-2.5.2.tgz 1341ms (cache miss)
459 timing reifyNode:node_modules/raw-body Completed in 1575ms
460 http fetch GET 200 https://registry.npmjs.org/cookie/-/cookie-0.5.0.tgz 1265ms (cache miss)
461 timing reifyNode:node_modules/cookie Completed in 1587ms
462 http fetch GET 200 https://registry.npmjs.org/bytes/-/bytes-3.1.2.tgz 1330ms (cache miss)
463 timing reifyNode:node_modules/bytes Completed in 1591ms
464 http fetch GET 200 https://registry.npmjs.org/send/-/send-0.18.0.tgz 1332ms (cache miss)
465 timing reifyNode:node_modules/send Completed in 1592ms
466 http fetch GET 200 https://registry.npmjs.org/accepts/-/accepts-1.3.8.tgz 1264ms (cache miss)
467 timing reifyNode:node_modules/accepts Completed in 1591ms
468 http fetch GET 200 https://registry.npmjs.org/content-disposition/-/content-disposition-0.5.4.tgz 1268ms (cache miss)
469 timing reifyNode:node_modules/content-disposition Completed in 1592ms
470 http fetch GET 200 https://registry.npmjs.org/content-type/-/content-type-1.0.5.tgz 1269ms (cache miss)
471 timing reifyNode:node_modules/content-type Completed in 1592ms
472 http fetch GET 200 https://registry.npmjs.org/debug/-/debug-2.6.9.tgz 1274ms (cache miss)
473 http fetch GET 200 https://registry.npmjs.org/set-function-length/-/set-function-length-1.2.2.tgz 1420ms (cache miss)
474 timing reifyNode:node_modules/set-function-length Completed in 1612ms
475 http fetch GET 200 https://registry.npmjs.org/body-parser/-/body-parser-1.20.2.tgz 1273ms (cache miss)
476 http fetch GET 200 https://registry.npmjs.org/proxy-addr/-/proxy-addr-2.0.7.tgz 1333ms (cache miss)
477 timing reifyNode:node_modules/proxy-addr Completed in 1599ms
478 timing reifyNode:node_modules/body-parser Completed in 1607ms
479 http fetch GET 200 https://registry.npmjs.org/safer-buffer/-/safer-buffer-2.1.2.tgz 1398ms (cache miss)
480 timing reifyNode:node_modules/safer-buffer Completed in 1610ms
481 timing reifyNode:node_modules/debug Completed in 1607ms
482 http fetch GET 200 https://registry.npmjs.org/depd/-/depd-2.0.0.tgz 1303ms (cache miss)
483 timing reifyNode:node_modules/depd Completed in 1608ms
484 http fetch GET 200 https://registry.npmjs.org/es-errors/-/es-errors-1.3.0.tgz 1422ms (cache miss)
485 timing reifyNode:node_modules/es-errors Completed in 1611ms
486 http fetch GET 200 https://registry.npmjs.org/call-bind/-/call-bind-1.0.7.tgz 1417ms (cache miss)
487 timing reifyNode:node_modules/call-bind Completed in 1621ms
488 http fetch GET 200 https://registry.npmjs.org/has-symbols/-/has-symbols-1.0.3.tgz 1526ms (cache miss)
489 timing reifyNode:node_modules/has-symbols Completed in 1705ms
490 http fetch GET 200 https://registry.npmjs.org/mime-db/-/mime-db-1.52.0.tgz 1486ms (cache miss)
491 timing reifyNode:node_modules/mime-db Completed in 1697ms
492 http fetch GET 200 https://registry.npmjs.org/function-bind/-/function-bind-1.1.2.tgz 1522ms (cache miss)
493 timing reifyNode:node_modules/function-bind Completed in 1717ms
494 http fetch GET 200 https://registry.npmjs.org/express/-/express-4.18.3.tgz 1399ms (cache miss)
495 timing reifyNode:node_modules/express Completed in 1742ms
496 http fetch GET 200 https://registry.npmjs.org/qs/-/qs-6.11.0.tgz 1493ms (cache miss)
497 timing reifyNode:node_modules/qs Completed in 1758ms
498 http fetch GET 200 https://registry.npmjs.org/object-inspect/-/object-inspect-1.13.1.tgz 1595ms (cache miss)
499 timing reifyNode:node_modules/object-inspect Completed in 1783ms
500 http fetch GET 200 https://registry.npmjs.org/iconv-lite/-/iconv-lite-0.4.24.tgz 1578ms (cache miss)
501 timing reifyNode:node_modules/iconv-lite Completed in 1813ms
502 timing reify:unpack Completed in 1826ms
503 timing reify:unretire Completed in 0ms
504 timing build:queue Completed in 15ms
505 timing build:link:node_modules/mime Completed in 8ms
506 timing build:link Completed in 8ms
507 timing build:deps Completed in 24ms
508 timing build Completed in 24ms
509 timing reify:build Completed in 25ms
510 timing reify:trash Completed in 0ms
511 timing reify:save Completed in 70ms
512 timing reify Completed in 4175ms
513 silly ADD node_modules/media-typer
514 silly ADD node_modules/has-property-descriptors
515 silly ADD node_modules/gopd
516 silly ADD node_modules/define-data-property
517 silly ADD node_modules/hasown
518 silly ADD node_modules/has-symbols
519 silly ADD node_modules/has-proto
520 silly ADD node_modules/set-function-length
521 silly ADD node_modules/function-bind
522 silly ADD node_modules/es-define-property
523 silly ADD node_modules/object-inspect
524 silly ADD node_modules/get-intrinsic
525 silly ADD node_modules/es-errors
526 silly ADD node_modules/call-bind
527 silly ADD node_modules/mime
528 silly ADD node_modules/side-channel
529 silly ADD node_modules/ipaddr.js
530 silly ADD node_modules/forwarded
531 silly ADD node_modules/ee-first
532 silly ADD node_modules/mime-db
533 silly ADD node_modules/safer-buffer
534 silly ADD node_modules/toidentifier
535 silly ADD node_modules/inherits
536 silly ADD node_modules/ms
537 silly ADD node_modules/unpipe
538 silly ADD node_modules/raw-body
539 silly ADD node_modules/iconv-lite
540 silly ADD node_modules/destroy
541 silly ADD node_modules/bytes
542 silly ADD node_modules/negotiator
543 silly ADD node_modules/mime-types
544 silly ADD node_modules/vary
545 silly ADD node_modules/utils-merge
546 silly ADD node_modules/type-is
547 silly ADD node_modules/statuses
548 silly ADD node_modules/setprototypeof
549 silly ADD node_modules/serve-static
550 silly ADD node_modules/send
551 silly ADD node_modules/send/node_modules/ms
552 silly ADD node_modules/safe-buffer
553 silly ADD node_modules/range-parser
554 silly ADD node_modules/qs
555 silly ADD node_modules/proxy-addr
556 silly ADD node_modules/path-to-regexp
557 silly ADD node_modules/parseurl
558 silly ADD node_modules/on-finished
559 silly ADD node_modules/methods
560 silly ADD node_modules/merge-descriptors
561 silly ADD node_modules/http-errors
562 silly ADD node_modules/fresh
563 silly ADD node_modules/finalhandler
564 silly ADD node_modules/etag
565 silly ADD node_modules/escape-html
566 silly ADD node_modules/encodeurl
567 silly ADD node_modules/depd
568 silly ADD node_modules/debug
569 silly ADD node_modules/cookie-signature
570 silly ADD node_modules/cookie
571 silly ADD node_modules/content-type
572 silly ADD node_modules/content-disposition
573 silly ADD node_modules/body-parser
574 silly ADD node_modules/array-flatten
575 silly ADD node_modules/accepts
576 silly ADD node_modules/express
577 timing command:install Completed in 4212ms
578 notice
578 notice New [31mmajor[39m version of npm available! [31m9.8.1[39m -> [32m10.5.0[39m
578 notice Changelog: [36mhttps://github.com/npm/cli/releases/tag/v10.5.0[39m
578 notice Run [32mnpm install -g npm@10.5.0[39m to update!
578 notice
579 verbose exit 0
580 timing npm Completed in 4639ms
581 info ok
